2016-02-02 12:44:11.477  INFO 2132 --- [main] c.chubao.cf.game.CbGameApplicationTests  : Starting CbGameApplicationTests on chengfengdeMacBook-Air.local with PID 2132 (started by chengfeng in /Users/chengfeng/Documents/_WORK/触宝网站/项目代码/cbGame)
2016-02-02 12:44:11.478  INFO 2132 --- [main] c.chubao.cf.game.CbGameApplicationTests  : No active profile set, falling back to default profiles: default
2016-02-02 12:44:11.699  INFO 2132 --- [main] o.s.w.c.s.GenericWebApplicationContext   : Refreshing org.springframework.web.context.support.GenericWebApplicationContext@623a8092: startup date [Tue Feb 02 12:44:11 CST 2016]; root of context hierarchy
2016-02-02 12:44:12.769  INFO 2132 --- [main] o.s.b.f.s.DefaultListableBeanFactory     : Overriding bean definition for bean 'beanNameViewResolver' with a different definition: replacing [Root bean: class [null]; scope=; abstract=false; lazyInit=false; autowireMode=3; dependencyCheck=0; autowireCandidate=true; primary=false; factoryBeanName=org.springframework.boot.autoconfigure.web.ErrorMvcAutoConfiguration$WhitelabelErrorViewConfiguration; factoryMethodName=beanNameViewResolver; initMethodName=null; destroyMethodName=(inferred); defined in class path resource [org/springframework/boot/autoconfigure/web/ErrorMvcAutoConfiguration$WhitelabelErrorViewConfiguration.class]] with [Root bean: class [null]; scope=; abstract=false; lazyInit=false; autowireMode=3; dependencyCheck=0; autowireCandidate=true; primary=false; factoryBeanName=org.springframework.boot.autoconfigure.web.WebMvcAutoConfiguration$WebMvcAutoConfigurationAdapter; factoryMethodName=beanNameViewResolver; initMethodName=null; destroyMethodName=(inferred); defined in class path resource [org/springframework/boot/autoconfigure/web/WebMvcAutoConfiguration$WebMvcAutoConfigurationAdapter.class]]
2016-02-02 12:44:13.427  INFO 2132 --- [main] trationDelegate$BeanPostProcessorChecker : Bean 'org.springframework.boot.autoconfigure.flyway.FlywayAutoConfiguration' of type [class org.springframework.boot.autoconfigure.flyway.FlywayAutoConfiguration$$EnhancerBySpringCGLIB$$c60199e2] is not eligible for getting processed by all BeanPostProcessors (for example: not eligible for auto-proxying)
2016-02-02 12:44:13.447  INFO 2132 --- [main] trationDelegate$BeanPostProcessorChecker : Bean 'stringToMigrationVersionConverter' of type [class org.springframework.boot.autoconfigure.flyway.FlywayAutoConfiguration$StringToMigrationVersionConverter] is not eligible for getting processed by all BeanPostProcessors (for example: not eligible for auto-proxying)
2016-02-02 12:44:13.534  INFO 2132 --- [main] trationDelegate$BeanPostProcessorChecker : Bean 'dbProperty' of type [class com.chubao.cf.game.domain.DbProperty] is not eligible for getting processed by all BeanPostProcessors (for example: not eligible for auto-proxying)
2016-02-02 12:44:13.537  INFO 2132 --- [main] trationDelegate$BeanPostProcessorChecker : Bean 'dbConfig' of type [class com.chubao.cf.game.config.DbConfig$$EnhancerBySpringCGLIB$$12d33557] is not eligible for getting processed by all BeanPostProcessors (for example: not eligible for auto-proxying)
2016-02-02 12:44:13.674  INFO 2132 --- [main] trationDelegate$BeanPostProcessorChecker : Bean 'dataSource' of type [class com.alibaba.druid.pool.DruidDataSource] is not eligible for getting processed by all BeanPostProcessors (for example: not eligible for auto-proxying)
2016-02-02 12:44:13.769  INFO 2132 --- [main] trationDelegate$BeanPostProcessorChecker : Bean 'sqlSessionFactoryBean' of type [class org.apache.ibatis.session.defaults.DefaultSqlSessionFactory] is not eligible for getting processed by all BeanPostProcessors (for example: not eligible for auto-proxying)
2016-02-02 12:44:13.998  INFO 2132 --- [main] trationDelegate$BeanPostProcessorChecker : Bean 'IUserDao' of type [class org.mybatis.spring.mapper.MapperFactoryBean] is not eligible for getting processed by all BeanPostProcessors (for example: not eligible for auto-proxying)
2016-02-02 12:44:14.025  INFO 2132 --- [main] trationDelegate$BeanPostProcessorChecker : Bean 'IGameTypeDao' of type [class org.mybatis.spring.mapper.MapperFactoryBean] is not eligible for getting processed by all BeanPostProcessors (for example: not eligible for auto-proxying)
2016-02-02 12:44:14.040  INFO 2132 --- [main] trationDelegate$BeanPostProcessorChecker : Bean 'IGameDeveloperDao' of type [class org.mybatis.spring.mapper.MapperFactoryBean] is not eligible for getting processed by all BeanPostProcessors (for example: not eligible for auto-proxying)
2016-02-02 12:44:14.061  INFO 2132 --- [main] trationDelegate$BeanPostProcessorChecker : Bean 'IGameDao' of type [class org.mybatis.spring.mapper.MapperFactoryBean] is not eligible for getting processed by all BeanPostProcessors (for example: not eligible for auto-proxying)
2016-02-02 12:44:14.077  INFO 2132 --- [main] trationDelegate$BeanPostProcessorChecker : Bean 'ICommentDao' of type [class org.mybatis.spring.mapper.MapperFactoryBean] is not eligible for getting processed by all BeanPostProcessors (for example: not eligible for auto-proxying)
2016-02-02 12:44:14.094  INFO 2132 --- [main] trationDelegate$BeanPostProcessorChecker : Bean 'IArticleDao' of type [class org.mybatis.spring.mapper.MapperFactoryBean] is not eligible for getting processed by all BeanPostProcessors (for example: not eligible for auto-proxying)
2016-02-02 12:44:14.138  INFO 2132 --- [main] trationDelegate$BeanPostProcessorChecker : Bean 'org.springframework.transaction.annotation.ProxyTransactionManagementConfiguration' of type [class org.springframework.transaction.annotation.ProxyTransactionManagementConfiguration$$EnhancerBySpringCGLIB$$989ea7b8] is not eligible for getting processed by all BeanPostProcessors (for example: not eligible for auto-proxying)
2016-02-02 12:44:15.154  INFO 2132 --- [main] s.w.s.m.m.a.RequestMappingHandlerAdapter : Looking for @ControllerAdvice: org.springframework.web.context.support.GenericWebApplicationContext@623a8092: startup date [Tue Feb 02 12:44:11 CST 2016]; root of context hierarchy
2016-02-02 12:44:15.267  INFO 2132 --- [main] s.w.s.m.m.a.RequestMappingHandlerMapping : Mapped "{[/admin/article/edit],methods=[POST]}" onto public java.lang.String com.chubao.cf.game.controller.admin.AdminArticleController.editArticle(com.chubao.cf.game.domain.Article,java.lang.String)
2016-02-02 12:44:15.271  INFO 2132 --- [main] s.w.s.m.m.a.RequestMappingHandlerMapping : Mapped "{[/admin/familySafety/{value}],methods=[GET]}" onto public java.lang.String com.chubao.cf.game.controller.admin.AdminFamilySafetyController.dispacher(java.lang.String,org.springframework.ui.Model,javax.servlet.http.HttpServletRequest)
2016-02-02 12:44:15.271  INFO 2132 --- [main] s.w.s.m.m.a.RequestMappingHandlerMapping : Mapped "{[/admin/familySafety/{value}],methods=[POST]}" onto public java.lang.String com.chubao.cf.game.controller.admin.AdminFamilySafetyController.processEdit(java.lang.String,com.chubao.cf.game.domain.Article,org.springframework.ui.Model,org.springframework.web.servlet.mvc.support.RedirectAttributes)
2016-02-02 12:44:15.278  INFO 2132 --- [main] s.w.s.m.m.a.RequestMappingHandlerMapping : Mapped "{[/admin/game/add],methods=[GET]}" onto public java.lang.String com.chubao.cf.game.controller.admin.AdminGameController.addGameView(org.springframework.ui.Model)
2016-02-02 12:44:15.279  INFO 2132 --- [main] s.w.s.m.m.a.RequestMappingHandlerMapping : Mapped "{[/admin/game/add],methods=[POST]}" onto public java.lang.String com.chubao.cf.game.controller.admin.AdminGameController.addGame(org.springframework.web.multipart.MultipartFile,com.chubao.cf.game.domain.Game,java.lang.String[],org.springframework.ui.Model,org.springframework.web.servlet.mvc.support.RedirectAttributes,javax.servlet.http.HttpServletRequest)
2016-02-02 12:44:15.279  INFO 2132 --- [main] s.w.s.m.m.a.RequestMappingHandlerMapping : Mapped "{[/admin/game/edit/{gameId}],methods=[GET]}" onto public java.lang.String com.chubao.cf.game.controller.admin.AdminGameController.editGameView(java.lang.Integer,org.springframework.ui.Model)
2016-02-02 12:44:15.280  INFO 2132 --- [main] s.w.s.m.m.a.RequestMappingHandlerMapping : Mapped "{[/admin/game/edit/top/{gameId}],methods=[GET]}" onto public java.lang.String com.chubao.cf.game.controller.admin.AdminGameController.topGame(java.lang.Integer,java.lang.Integer,org.springframework.web.servlet.mvc.support.RedirectAttributes)
2016-02-02 12:44:15.281  INFO 2132 --- [main] s.w.s.m.m.a.RequestMappingHandlerMapping : Mapped "{[/admin/game/edit/{gameId}],methods=[POST]}" onto public java.lang.String com.chubao.cf.game.controller.admin.AdminGameController.editGame(org.springframework.web.multipart.MultipartFile,com.chubao.cf.game.domain.Game,java.lang.String[],org.springframework.ui.Model,org.springframework.web.servlet.mvc.support.RedirectAttributes,javax.servlet.http.HttpServletRequest)
2016-02-02 12:44:15.282  INFO 2132 --- [main] s.w.s.m.m.a.RequestMappingHandlerMapping : Mapped "{[/admin/game/manage]}" onto public java.lang.String com.chubao.cf.game.controller.admin.AdminGameController.manageGame(org.springframework.ui.Model)
2016-02-02 12:44:15.282  INFO 2132 --- [main] s.w.s.m.m.a.RequestMappingHandlerMapping : Mapped "{[/admin/game/delete/{gameId}]}" onto public java.lang.String com.chubao.cf.game.controller.admin.AdminGameController.deleteGame(java.lang.Integer,org.springframework.web.servlet.mvc.support.RedirectAttributes)
2016-02-02 12:44:15.285  INFO 2132 --- [main] s.w.s.m.m.a.RequestMappingHandlerMapping : Mapped "{[/admin]}" onto public java.lang.String com.chubao.cf.game.controller.admin.AdminHomeController.index()
2016-02-02 12:44:15.286  INFO 2132 --- [main] s.w.s.m.m.a.RequestMappingHandlerMapping : Mapped "{[/admin/edit/{value}],methods=[POST]}" onto public java.lang.String com.chubao.cf.game.controller.admin.AdminHomeController.processEdit(java.lang.String,com.chubao.cf.game.domain.Article,org.springframework.ui.Model,org.springframework.web.servlet.mvc.support.RedirectAttributes)
2016-02-02 12:44:15.286  INFO 2132 --- [main] s.w.s.m.m.a.RequestMappingHandlerMapping : Mapped "{[/admin/about]}" onto public java.lang.String com.chubao.cf.game.controller.admin.AdminHomeController.companyIntroduction(org.springframework.ui.Model)
2016-02-02 12:44:15.287  INFO 2132 --- [main] s.w.s.m.m.a.RequestMappingHandlerMapping : Mapped "{[/admin/contactUs]}" onto public java.lang.String com.chubao.cf.game.controller.admin.AdminHomeController.contactUs(org.springframework.ui.Model)
2016-02-02 12:44:15.287  INFO 2132 --- [main] s.w.s.m.m.a.RequestMappingHandlerMapping : Mapped "{[/admin/login],methods=[GET]}" onto public java.lang.String com.chubao.cf.game.controller.admin.AdminHomeController.loginView(org.springframework.ui.Model)
2016-02-02 12:44:15.287  INFO 2132 --- [main] s.w.s.m.m.a.RequestMappingHandlerMapping : Mapped "{[/admin/logout]}" onto public java.lang.String com.chubao.cf.game.controller.admin.AdminHomeController.logOut()
2016-02-02 12:44:15.288  INFO 2132 --- [main] s.w.s.m.m.a.RequestMappingHandlerMapping : Mapped "{[/admin/login],methods=[POST]}" onto public java.lang.String com.chubao.cf.game.controller.admin.AdminHomeController.processLogin()
2016-02-02 12:44:15.290  INFO 2132 --- [main] s.w.s.m.m.a.RequestMappingHandlerMapping : Mapped "{[/admin/user/manage],methods=[GET]}" onto public java.lang.String com.chubao.cf.game.controller.admin.AdminUserController.manage(org.springframework.ui.Model)
2016-02-02 12:44:15.291  INFO 2132 --- [main] s.w.s.m.m.a.RequestMappingHandlerMapping : Mapped "{[/admin/user/changeAdminPassword],methods=[GET]}" onto public java.lang.String com.chubao.cf.game.controller.admin.AdminUserController.changeCodeView(org.springframework.ui.Model)
2016-02-02 12:44:15.291  INFO 2132 --- [main] s.w.s.m.m.a.RequestMappingHandlerMapping : Mapped "{[/admin/user/changeAdminPassword],methods=[POST]}" onto public java.lang.String com.chubao.cf.game.controller.admin.AdminUserController.changeAdminPass(java.lang.String,java.lang.String,org.springframework.ui.Model,org.springframework.web.servlet.mvc.support.RedirectAttributes)
2016-02-02 12:44:15.292  INFO 2132 --- [main] s.w.s.m.m.a.RequestMappingHandlerMapping : Mapped "{[/admin/user]}" onto public java.lang.String com.chubao.cf.game.controller.admin.AdminUserController.home()
2016-02-02 12:44:15.294  INFO 2132 --- [main] s.w.s.m.m.a.RequestMappingHandlerMapping : Mapped "{[/register],methods=[POST]}" onto public java.lang.String com.chubao.cf.game.controller.HomeController.register(com.chubao.cf.game.domain.User,java.lang.String)
2016-02-02 12:44:15.294  INFO 2132 --- [main] s.w.s.m.m.a.RequestMappingHandlerMapping : Mapped "{[/logout]}" onto public java.lang.String com.chubao.cf.game.controller.HomeController.logout()
2016-02-02 12:44:15.295  INFO 2132 --- [main] s.w.s.m.m.a.RequestMappingHandlerMapping : Mapped "{[/contactUs]}" onto public java.lang.String com.chubao.cf.game.controller.HomeController.contactUs(org.springframework.ui.Model)
2016-02-02 12:44:15.295  INFO 2132 --- [main] s.w.s.m.m.a.RequestMappingHandlerMapping : Mapped "{[/login],methods=[GET]}" onto public java.lang.String com.chubao.cf.game.controller.HomeController.loginView(org.springframework.ui.Model)
2016-02-02 12:44:15.296  INFO 2132 --- [main] s.w.s.m.m.a.RequestMappingHandlerMapping : Mapped "{[/about]}" onto public java.lang.String com.chubao.cf.game.controller.HomeController.about(org.springframework.ui.Model)
2016-02-02 12:44:15.296  INFO 2132 --- [main] s.w.s.m.m.a.RequestMappingHandlerMapping : Mapped "{[/familySafety]}" onto public java.lang.String com.chubao.cf.game.controller.HomeController.familySafety()
2016-02-02 12:44:15.296  INFO 2132 --- [main] s.w.s.m.m.a.RequestMappingHandlerMapping : Mapped "{[/familySafety/{value}]}" onto public java.lang.String com.chubao.cf.game.controller.HomeController.familySafetyOfContent(java.lang.String,org.springframework.ui.Model)
2016-02-02 12:44:15.297  INFO 2132 --- [main] s.w.s.m.m.a.RequestMappingHandlerMapping : Mapped "{[/login],methods=[POST]}" onto public java.lang.String com.chubao.cf.game.controller.HomeController.loginProcess(java.lang.String,java.lang.String,java.lang.String,org.springframework.ui.Model)
2016-02-02 12:44:15.298  INFO 2132 --- [main] s.w.s.m.m.a.RequestMappingHandlerMapping : Mapped "{[/register],methods=[GET]}" onto public java.lang.String com.chubao.cf.game.controller.HomeController.registerView()
2016-02-02 12:44:15.299  INFO 2132 --- [main] s.w.s.m.m.a.RequestMappingHandlerMapping : Mapped "{[/]}" onto public java.lang.String com.chubao.cf.game.controller.HomeController.home(org.springframework.ui.Model)
2016-02-02 12:44:15.301  INFO 2132 --- [main] s.w.s.m.m.a.RequestMappingHandlerMapping : Mapped "{[/comment/add],methods=[POST]}" onto public java.lang.String com.chubao.cf.game.controller.user.CommentController.addComment(com.chubao.cf.game.domain.Comment,java.lang.String,java.lang.String,javax.servlet.http.HttpSession)
2016-02-02 12:44:15.302  INFO 2132 --- [main] s.w.s.m.m.a.RequestMappingHandlerMapping : Mapped "{[/game/{gameId}],methods=[GET]}" onto public java.lang.String com.chubao.cf.game.controller.user.GameController.getGame(java.lang.String,org.springframework.ui.Model)
2016-02-02 12:44:15.303  INFO 2132 --- [main] s.w.s.m.m.a.RequestMappingHandlerMapping : Mapped "{[/game]}" onto public java.lang.String com.chubao.cf.game.controller.user.GameController.getAllGame(org.springframework.ui.Model)
2016-02-02 12:44:15.303  INFO 2132 --- [main] s.w.s.m.m.a.RequestMappingHandlerMapping : Mapped "{[/register/validate],methods=[POST]}" onto public java.lang.String com.chubao.cf.game.controller.user.UserController.ValidateFields(java.lang.String,java.lang.String)
2016-02-02 12:44:15.304  INFO 2132 --- [main] s.w.s.m.m.a.RequestMappingHandlerMapping : Mapped "{[/admin/upload/images]}" onto public java.lang.Object com.chubao.cf.game.controller.util.GameUploadImages.uploadGameImages(org.springframework.web.multipart.MultipartFile,javax.servlet.http.HttpServletRequest)
2016-02-02 12:44:15.305  INFO 2132 --- [main] s.w.s.m.m.a.RequestMappingHandlerMapping : Mapped "{[/kindEditor/upload],methods=[POST]}" onto public java.util.Map<java.lang.String, java.lang.Object> com.chubao.cf.game.controller.util.KindEditorController.fileUpload(org.springframework.web.multipart.MultipartFile,javax.servlet.http.HttpServletRequest,javax.servlet.http.HttpServletResponse)
2016-02-02 12:44:15.306  INFO 2132 --- [main] s.w.s.m.m.a.RequestMappingHandlerMapping : Mapped "{[/kindEditor/fileManager]}" onto public java.lang.Object com.chubao.cf.game.controller.util.KindEditorController.fileManager(javax.servlet.http.HttpServletRequest,javax.servlet.http.HttpServletResponse)
2016-02-02 12:44:15.306  INFO 2132 --- [main] s.w.s.m.m.a.RequestMappingHandlerMapping : Mapped "{[/pcrimg]}" onto public void com.chubao.cf.game.controller.util.SecurityCode.crimg(javax.servlet.http.HttpServletRequest,javax.servlet.http.HttpServletResponse) throws java.io.IOException
2016-02-02 12:44:15.309  INFO 2132 --- [main] s.w.s.m.m.a.RequestMappingHandlerMapping : Mapped "{[/error]}" onto public org.springframework.http.ResponseEntity<java.util.Map<java.lang.String, java.lang.Object>> org.springframework.boot.autoconfigure.web.BasicErrorController.error(javax.servlet.http.HttpServletRequest)
2016-02-02 12:44:15.310  INFO 2132 --- [main] s.w.s.m.m.a.RequestMappingHandlerMapping : Mapped "{[/error],produces=[text/html]}" onto public org.springframework.web.servlet.ModelAndView org.springframework.boot.autoconfigure.web.BasicErrorController.errorHtml(javax.servlet.http.HttpServletRequest,javax.servlet.http.HttpServletResponse)
2016-02-02 12:44:15.352  INFO 2132 --- [main] o.s.w.s.handler.SimpleUrlHandlerMapping  : Mapped URL path [/webjars/**] onto handler of type [class org.springframework.web.servlet.resource.ResourceHttpRequestHandler]
2016-02-02 12:44:15.352  INFO 2132 --- [main] o.s.w.s.handler.SimpleUrlHandlerMapping  : Mapped URL path [/**] onto handler of type [class org.springframework.web.servlet.resource.ResourceHttpRequestHandler]
2016-02-02 12:44:15.423  INFO 2132 --- [main] o.s.w.s.handler.SimpleUrlHandlerMapping  : Mapped URL path [/**/favicon.ico] onto handler of type [class org.springframework.web.servlet.resource.ResourceHttpRequestHandler]
2016-02-02 12:44:15.880  INFO 2132 --- [main] o.f.core.internal.util.VersionPrinter    : Flyway 3.2.1 by Boxfuse
2016-02-02 12:44:15.949  INFO 2132 --- [main] com.alibaba.druid.pool.DruidDataSource   : {dataSource-1} inited
2016-02-02 12:44:16.452  INFO 2132 --- [main] o.f.c.i.dbsupport.DbSupportFactory       : Database: jdbc:mysql://localhost:3306/chubaogame (MySQL 5.5)
2016-02-02 12:44:16.521  INFO 2132 --- [main] o.f.core.internal.command.DbValidate     : Validated 1 migration (execution time 00:00.043s)
2016-02-02 12:44:16.574  INFO 2132 --- [main] o.f.core.internal.command.DbMigrate      : Current version of schema `chubaogame`: 1.2.0
2016-02-02 12:44:16.575  INFO 2132 --- [main] o.f.core.internal.command.DbMigrate      : Schema `chubaogame` is up to date. No migration necessary.
2016-02-02 12:44:16.732  INFO 2132 --- [main] o.s.w.s.v.f.FreeMarkerConfigurer         : ClassTemplateLoader for Spring macros added to FreeMarker configuration
2016-02-02 12:44:16.905  INFO 2132 --- [main] c.chubao.cf.game.CbGameApplicationTests  : Started CbGameApplicationTests in 5.997 seconds (JVM running for 6.909)
2016-02-02 12:44:16.949  INFO 2132 --- [Thread-2] o.s.w.c.s.GenericWebApplicationContext   : Closing org.springframework.web.context.support.GenericWebApplicationContext@623a8092: startup date [Tue Feb 02 12:44:11 CST 2016]; root of context hierarchy
2016-02-02 12:44:16.964  INFO 2132 --- [Thread-2] com.alibaba.druid.pool.DruidDataSource   : {dataSource-1} closed
2016-02-02 13:06:26.930  INFO 2281 --- [main] c.chubao.cf.game.CbGameApplicationTests  : Starting CbGameApplicationTests on chengfengdeMacBook-Air.local with PID 2281 (started by chengfeng in /Users/chengfeng/Documents/_WORK/触宝网站/项目代码/cbGame)
2016-02-02 13:06:26.934  INFO 2281 --- [main] c.chubao.cf.game.CbGameApplicationTests  : No active profile set, falling back to default profiles: default
2016-02-02 13:06:27.071  INFO 2281 --- [main] o.s.w.c.s.GenericWebApplicationContext   : Refreshing org.springframework.web.context.support.GenericWebApplicationContext@672872e1: startup date [Tue Feb 02 13:06:27 CST 2016]; root of context hierarchy
2016-02-02 13:06:28.538  INFO 2281 --- [main] o.s.b.f.s.DefaultListableBeanFactory     : Overriding bean definition for bean 'beanNameViewResolver' with a different definition: replacing [Root bean: class [null]; scope=; abstract=false; lazyInit=false; autowireMode=3; dependencyCheck=0; autowireCandidate=true; primary=false; factoryBeanName=org.springframework.boot.autoconfigure.web.ErrorMvcAutoConfiguration$WhitelabelErrorViewConfiguration; factoryMethodName=beanNameViewResolver; initMethodName=null; destroyMethodName=(inferred); defined in class path resource [org/springframework/boot/autoconfigure/web/ErrorMvcAutoConfiguration$WhitelabelErrorViewConfiguration.class]] with [Root bean: class [null]; scope=; abstract=false; lazyInit=false; autowireMode=3; dependencyCheck=0; autowireCandidate=true; primary=false; factoryBeanName=org.springframework.boot.autoconfigure.web.WebMvcAutoConfiguration$WebMvcAutoConfigurationAdapter; factoryMethodName=beanNameViewResolver; initMethodName=null; destroyMethodName=(inferred); defined in class path resource [org/springframework/boot/autoconfigure/web/WebMvcAutoConfiguration$WebMvcAutoConfigurationAdapter.class]]
2016-02-02 13:06:29.281  INFO 2281 --- [main] trationDelegate$BeanPostProcessorChecker : Bean 'org.springframework.boot.autoconfigure.flyway.FlywayAutoConfiguration' of type [class org.springframework.boot.autoconfigure.flyway.FlywayAutoConfiguration$$EnhancerBySpringCGLIB$$28b1e4dc] is not eligible for getting processed by all BeanPostProcessors (for example: not eligible for auto-proxying)
2016-02-02 13:06:29.303  INFO 2281 --- [main] trationDelegate$BeanPostProcessorChecker : Bean 'stringToMigrationVersionConverter' of type [class org.springframework.boot.autoconfigure.flyway.FlywayAutoConfiguration$StringToMigrationVersionConverter] is not eligible for getting processed by all BeanPostProcessors (for example: not eligible for auto-proxying)
2016-02-02 13:06:29.414  INFO 2281 --- [main] trationDelegate$BeanPostProcessorChecker : Bean 'dbProperty' of type [class com.chubao.cf.game.domain.DbProperty] is not eligible for getting processed by all BeanPostProcessors (for example: not eligible for auto-proxying)
2016-02-02 13:06:29.419  INFO 2281 --- [main] trationDelegate$BeanPostProcessorChecker : Bean 'dbConfig' of type [class com.chubao.cf.game.config.DbConfig$$EnhancerBySpringCGLIB$$75838051] is not eligible for getting processed by all BeanPostProcessors (for example: not eligible for auto-proxying)
2016-02-02 13:06:29.581  INFO 2281 --- [main] trationDelegate$BeanPostProcessorChecker : Bean 'dataSource' of type [class com.alibaba.druid.pool.DruidDataSource] is not eligible for getting processed by all BeanPostProcessors (for example: not eligible for auto-proxying)
2016-02-02 13:06:29.706  INFO 2281 --- [main] trationDelegate$BeanPostProcessorChecker : Bean 'sqlSessionFactoryBean' of type [class org.apache.ibatis.session.defaults.DefaultSqlSessionFactory] is not eligible for getting processed by all BeanPostProcessors (for example: not eligible for auto-proxying)
2016-02-02 13:06:30.056  INFO 2281 --- [main] trationDelegate$BeanPostProcessorChecker : Bean 'IUserDao' of type [class org.mybatis.spring.mapper.MapperFactoryBean] is not eligible for getting processed by all BeanPostProcessors (for example: not eligible for auto-proxying)
2016-02-02 13:06:30.087  INFO 2281 --- [main] trationDelegate$BeanPostProcessorChecker : Bean 'IGameTypeDao' of type [class org.mybatis.spring.mapper.MapperFactoryBean] is not eligible for getting processed by all BeanPostProcessors (for example: not eligible for auto-proxying)
2016-02-02 13:06:30.104  INFO 2281 --- [main] trationDelegate$BeanPostProcessorChecker : Bean 'IGameDeveloperDao' of type [class org.mybatis.spring.mapper.MapperFactoryBean] is not eligible for getting processed by all BeanPostProcessors (for example: not eligible for auto-proxying)
2016-02-02 13:06:30.124  INFO 2281 --- [main] trationDelegate$BeanPostProcessorChecker : Bean 'IGameDao' of type [class org.mybatis.spring.mapper.MapperFactoryBean] is not eligible for getting processed by all BeanPostProcessors (for example: not eligible for auto-proxying)
2016-02-02 13:06:30.141  INFO 2281 --- [main] trationDelegate$BeanPostProcessorChecker : Bean 'ICommentDao' of type [class org.mybatis.spring.mapper.MapperFactoryBean] is not eligible for getting processed by all BeanPostProcessors (for example: not eligible for auto-proxying)
2016-02-02 13:06:30.169  INFO 2281 --- [main] trationDelegate$BeanPostProcessorChecker : Bean 'IArticleDao' of type [class org.mybatis.spring.mapper.MapperFactoryBean] is not eligible for getting processed by all BeanPostProcessors (for example: not eligible for auto-proxying)
2016-02-02 13:06:30.225  INFO 2281 --- [main] trationDelegate$BeanPostProcessorChecker : Bean 'org.springframework.transaction.annotation.ProxyTransactionManagementConfiguration' of type [class org.springframework.transaction.annotation.ProxyTransactionManagementConfiguration$$EnhancerBySpringCGLIB$$fb4ef2b2] is not eligible for getting processed by all BeanPostProcessors (for example: not eligible for auto-proxying)
2016-02-02 13:06:31.402  INFO 2281 --- [main] s.w.s.m.m.a.RequestMappingHandlerAdapter : Looking for @ControllerAdvice: org.springframework.web.context.support.GenericWebApplicationContext@672872e1: startup date [Tue Feb 02 13:06:27 CST 2016]; root of context hierarchy
2016-02-02 13:06:31.716  INFO 2281 --- [main] s.w.s.m.m.a.RequestMappingHandlerMapping : Mapped "{[/admin/article/edit],methods=[POST]}" onto public java.lang.String com.chubao.cf.game.controller.admin.AdminArticleController.editArticle(com.chubao.cf.game.domain.Article,java.lang.String)
2016-02-02 13:06:31.719  INFO 2281 --- [main] s.w.s.m.m.a.RequestMappingHandlerMapping : Mapped "{[/admin/familySafety/{value}],methods=[GET]}" onto public java.lang.String com.chubao.cf.game.controller.admin.AdminFamilySafetyController.dispacher(java.lang.String,org.springframework.ui.Model,javax.servlet.http.HttpServletRequest)
2016-02-02 13:06:31.719  INFO 2281 --- [main] s.w.s.m.m.a.RequestMappingHandlerMapping : Mapped "{[/admin/familySafety/{value}],methods=[POST]}" onto public java.lang.String com.chubao.cf.game.controller.admin.AdminFamilySafetyController.processEdit(java.lang.String,com.chubao.cf.game.domain.Article,org.springframework.ui.Model,org.springframework.web.servlet.mvc.support.RedirectAttributes)
2016-02-02 13:06:31.726  INFO 2281 --- [main] s.w.s.m.m.a.RequestMappingHandlerMapping : Mapped "{[/admin/game/add],methods=[GET]}" onto public java.lang.String com.chubao.cf.game.controller.admin.AdminGameController.addGameView(org.springframework.ui.Model)
2016-02-02 13:06:31.727  INFO 2281 --- [main] s.w.s.m.m.a.RequestMappingHandlerMapping : Mapped "{[/admin/game/add],methods=[POST]}" onto public java.lang.String com.chubao.cf.game.controller.admin.AdminGameController.addGame(org.springframework.web.multipart.MultipartFile,com.chubao.cf.game.domain.Game,java.lang.String[],org.springframework.ui.Model,org.springframework.web.servlet.mvc.support.RedirectAttributes,javax.servlet.http.HttpServletRequest)
2016-02-02 13:06:31.728  INFO 2281 --- [main] s.w.s.m.m.a.RequestMappingHandlerMapping : Mapped "{[/admin/game/edit/{gameId}],methods=[GET]}" onto public java.lang.String com.chubao.cf.game.controller.admin.AdminGameController.editGameView(java.lang.Integer,org.springframework.ui.Model)
2016-02-02 13:06:31.729  INFO 2281 --- [main] s.w.s.m.m.a.RequestMappingHandlerMapping : Mapped "{[/admin/game/edit/top/{gameId}],methods=[GET]}" onto public java.lang.String com.chubao.cf.game.controller.admin.AdminGameController.topGame(java.lang.Integer,java.lang.Integer,org.springframework.web.servlet.mvc.support.RedirectAttributes)
2016-02-02 13:06:31.729  INFO 2281 --- [main] s.w.s.m.m.a.RequestMappingHandlerMapping : Mapped "{[/admin/game/edit/{gameId}],methods=[POST]}" onto public java.lang.String com.chubao.cf.game.controller.admin.AdminGameController.editGame(org.springframework.web.multipart.MultipartFile,com.chubao.cf.game.domain.Game,java.lang.String[],org.springframework.ui.Model,org.springframework.web.servlet.mvc.support.RedirectAttributes,javax.servlet.http.HttpServletRequest)
2016-02-02 13:06:31.730  INFO 2281 --- [main] s.w.s.m.m.a.RequestMappingHandlerMapping : Mapped "{[/admin/game/manage]}" onto public java.lang.String com.chubao.cf.game.controller.admin.AdminGameController.manageGame(org.springframework.ui.Model)
2016-02-02 13:06:31.730  INFO 2281 --- [main] s.w.s.m.m.a.RequestMappingHandlerMapping : Mapped "{[/admin/game/delete/{gameId}]}" onto public java.lang.String com.chubao.cf.game.controller.admin.AdminGameController.deleteGame(java.lang.Integer,org.springframework.web.servlet.mvc.support.RedirectAttributes)
2016-02-02 13:06:31.733  INFO 2281 --- [main] s.w.s.m.m.a.RequestMappingHandlerMapping : Mapped "{[/admin]}" onto public java.lang.String com.chubao.cf.game.controller.admin.AdminHomeController.index()
2016-02-02 13:06:31.733  INFO 2281 --- [main] s.w.s.m.m.a.RequestMappingHandlerMapping : Mapped "{[/admin/about]}" onto public java.lang.String com.chubao.cf.game.controller.admin.AdminHomeController.companyIntroduction(org.springframework.ui.Model)
2016-02-02 13:06:31.733  INFO 2281 --- [main] s.w.s.m.m.a.RequestMappingHandlerMapping : Mapped "{[/admin/edit/{value}],methods=[POST]}" onto public java.lang.String com.chubao.cf.game.controller.admin.AdminHomeController.processEdit(java.lang.String,com.chubao.cf.game.domain.Article,org.springframework.ui.Model,org.springframework.web.servlet.mvc.support.RedirectAttributes)
2016-02-02 13:06:31.734  INFO 2281 --- [main] s.w.s.m.m.a.RequestMappingHandlerMapping : Mapped "{[/admin/contactUs]}" onto public java.lang.String com.chubao.cf.game.controller.admin.AdminHomeController.contactUs(org.springframework.ui.Model)
2016-02-02 13:06:31.734  INFO 2281 --- [main] s.w.s.m.m.a.RequestMappingHandlerMapping : Mapped "{[/admin/login],methods=[GET]}" onto public java.lang.String com.chubao.cf.game.controller.admin.AdminHomeController.loginView(org.springframework.ui.Model)
2016-02-02 13:06:31.735  INFO 2281 --- [main] s.w.s.m.m.a.RequestMappingHandlerMapping : Mapped "{[/admin/logout]}" onto public java.lang.String com.chubao.cf.game.controller.admin.AdminHomeController.logOut()
2016-02-02 13:06:31.735  INFO 2281 --- [main] s.w.s.m.m.a.RequestMappingHandlerMapping : Mapped "{[/admin/login],methods=[POST]}" onto public java.lang.String com.chubao.cf.game.controller.admin.AdminHomeController.processLogin()
2016-02-02 13:06:31.737  INFO 2281 --- [main] s.w.s.m.m.a.RequestMappingHandlerMapping : Mapped "{[/admin/user]}" onto public java.lang.String com.chubao.cf.game.controller.admin.AdminUserController.home()
2016-02-02 13:06:31.738  INFO 2281 --- [main] s.w.s.m.m.a.RequestMappingHandlerMapping : Mapped "{[/admin/user/changeAdminPassword],methods=[GET]}" onto public java.lang.String com.chubao.cf.game.controller.admin.AdminUserController.changeCodeView(org.springframework.ui.Model)
2016-02-02 13:06:31.738  INFO 2281 --- [main] s.w.s.m.m.a.RequestMappingHandlerMapping : Mapped "{[/admin/user/manage],methods=[GET]}" onto public java.lang.String com.chubao.cf.game.controller.admin.AdminUserController.manage(org.springframework.ui.Model)
2016-02-02 13:06:31.738  INFO 2281 --- [main] s.w.s.m.m.a.RequestMappingHandlerMapping : Mapped "{[/admin/user/changeAdminPassword],methods=[POST]}" onto public java.lang.String com.chubao.cf.game.controller.admin.AdminUserController.changeAdminPass(java.lang.String,java.lang.String,org.springframework.ui.Model,org.springframework.web.servlet.mvc.support.RedirectAttributes)
2016-02-02 13:06:31.741  INFO 2281 --- [main] s.w.s.m.m.a.RequestMappingHandlerMapping : Mapped "{[/register],methods=[POST]}" onto public java.lang.String com.chubao.cf.game.controller.HomeController.register(com.chubao.cf.game.domain.User,java.lang.String)
2016-02-02 13:06:31.742  INFO 2281 --- [main] s.w.s.m.m.a.RequestMappingHandlerMapping : Mapped "{[/logout]}" onto public java.lang.String com.chubao.cf.game.controller.HomeController.logout()
2016-02-02 13:06:31.745  INFO 2281 --- [main] s.w.s.m.m.a.RequestMappingHandlerMapping : Mapped "{[/]}" onto public java.lang.String com.chubao.cf.game.controller.HomeController.home(org.springframework.ui.Model)
2016-02-02 13:06:31.745  INFO 2281 --- [main] s.w.s.m.m.a.RequestMappingHandlerMapping : Mapped "{[/familySafety]}" onto public java.lang.String com.chubao.cf.game.controller.HomeController.familySafety()
2016-02-02 13:06:31.746  INFO 2281 --- [main] s.w.s.m.m.a.RequestMappingHandlerMapping : Mapped "{[/familySafety/{value}]}" onto public java.lang.String com.chubao.cf.game.controller.HomeController.familySafetyOfContent(java.lang.String,org.springframework.ui.Model)
2016-02-02 13:06:31.747  INFO 2281 --- [main] s.w.s.m.m.a.RequestMappingHandlerMapping : Mapped "{[/login],methods=[POST]}" onto public java.lang.String com.chubao.cf.game.controller.HomeController.loginProcess(java.lang.String,java.lang.String,java.lang.String,org.springframework.ui.Model)
2016-02-02 13:06:31.748  INFO 2281 --- [main] s.w.s.m.m.a.RequestMappingHandlerMapping : Mapped "{[/register],methods=[GET]}" onto public java.lang.String com.chubao.cf.game.controller.HomeController.registerView()
2016-02-02 13:06:31.750  INFO 2281 --- [main] s.w.s.m.m.a.RequestMappingHandlerMapping : Mapped "{[/contactUs]}" onto public java.lang.String com.chubao.cf.game.controller.HomeController.contactUs(org.springframework.ui.Model)
2016-02-02 13:06:31.752  INFO 2281 --- [main] s.w.s.m.m.a.RequestMappingHandlerMapping : Mapped "{[/login],methods=[GET]}" onto public java.lang.String com.chubao.cf.game.controller.HomeController.loginView(org.springframework.ui.Model)
2016-02-02 13:06:31.752  INFO 2281 --- [main] s.w.s.m.m.a.RequestMappingHandlerMapping : Mapped "{[/about]}" onto public java.lang.String com.chubao.cf.game.controller.HomeController.about(org.springframework.ui.Model)
2016-02-02 13:06:31.753  INFO 2281 --- [main] s.w.s.m.m.a.RequestMappingHandlerMapping : Mapped "{[/comment/add],methods=[POST]}" onto public java.lang.String com.chubao.cf.game.controller.user.CommentController.addComment(com.chubao.cf.game.domain.Comment,java.lang.String,java.lang.String,javax.servlet.http.HttpSession)
2016-02-02 13:06:31.754  INFO 2281 --- [main] s.w.s.m.m.a.RequestMappingHandlerMapping : Mapped "{[/game/{gameId}],methods=[GET]}" onto public java.lang.String com.chubao.cf.game.controller.user.GameController.getGame(java.lang.String,org.springframework.ui.Model)
2016-02-02 13:06:31.755  INFO 2281 --- [main] s.w.s.m.m.a.RequestMappingHandlerMapping : Mapped "{[/game]}" onto public java.lang.String com.chubao.cf.game.controller.user.GameController.getAllGame(org.springframework.ui.Model)
2016-02-02 13:06:31.756  INFO 2281 --- [main] s.w.s.m.m.a.RequestMappingHandlerMapping : Mapped "{[/register/validate],methods=[POST]}" onto public java.lang.String com.chubao.cf.game.controller.user.UserController.ValidateFields(java.lang.String,java.lang.String)
2016-02-02 13:06:31.757  INFO 2281 --- [main] s.w.s.m.m.a.RequestMappingHandlerMapping : Mapped "{[/admin/upload/images]}" onto public java.lang.Object com.chubao.cf.game.controller.util.GameUploadImages.uploadGameImages(org.springframework.web.multipart.MultipartFile,javax.servlet.http.HttpServletRequest)
2016-02-02 13:06:31.758  INFO 2281 --- [main] s.w.s.m.m.a.RequestMappingHandlerMapping : Mapped "{[/kindEditor/upload],methods=[POST]}" onto public java.util.Map<java.lang.String, java.lang.Object> com.chubao.cf.game.controller.util.KindEditorController.fileUpload(org.springframework.web.multipart.MultipartFile,javax.servlet.http.HttpServletRequest,javax.servlet.http.HttpServletResponse)
2016-02-02 13:06:31.759  INFO 2281 --- [main] s.w.s.m.m.a.RequestMappingHandlerMapping : Mapped "{[/kindEditor/fileManager]}" onto public java.lang.Object com.chubao.cf.game.controller.util.KindEditorController.fileManager(javax.servlet.http.HttpServletRequest,javax.servlet.http.HttpServletResponse)
2016-02-02 13:06:31.760  INFO 2281 --- [main] s.w.s.m.m.a.RequestMappingHandlerMapping : Mapped "{[/pcrimg]}" onto public void com.chubao.cf.game.controller.util.SecurityCode.crimg(javax.servlet.http.HttpServletRequest,javax.servlet.http.HttpServletResponse) throws java.io.IOException
2016-02-02 13:06:31.763  INFO 2281 --- [main] s.w.s.m.m.a.RequestMappingHandlerMapping : Mapped "{[/error]}" onto public org.springframework.http.ResponseEntity<java.util.Map<java.lang.String, java.lang.Object>> org.springframework.boot.autoconfigure.web.BasicErrorController.error(javax.servlet.http.HttpServletRequest)
2016-02-02 13:06:31.763  INFO 2281 --- [main] s.w.s.m.m.a.RequestMappingHandlerMapping : Mapped "{[/error],produces=[text/html]}" onto public org.springframework.web.servlet.ModelAndView org.springframework.boot.autoconfigure.web.BasicErrorController.errorHtml(javax.servlet.http.HttpServletRequest,javax.servlet.http.HttpServletResponse)
2016-02-02 13:06:31.811  INFO 2281 --- [main] o.s.w.s.handler.SimpleUrlHandlerMapping  : Mapped URL path [/webjars/**] onto handler of type [class org.springframework.web.servlet.resource.ResourceHttpRequestHandler]
2016-02-02 13:06:31.811  INFO 2281 --- [main] o.s.w.s.handler.SimpleUrlHandlerMapping  : Mapped URL path [/**] onto handler of type [class org.springframework.web.servlet.resource.ResourceHttpRequestHandler]
2016-02-02 13:06:31.905  INFO 2281 --- [main] o.s.w.s.handler.SimpleUrlHandlerMapping  : Mapped URL path [/**/favicon.ico] onto handler of type [class org.springframework.web.servlet.resource.ResourceHttpRequestHandler]
2016-02-02 13:06:32.217  INFO 2281 --- [main] o.f.core.internal.util.VersionPrinter    : Flyway 3.2.1 by Boxfuse
2016-02-02 13:06:32.279  INFO 2281 --- [main] com.alibaba.druid.pool.DruidDataSource   : {dataSource-1} inited
2016-02-02 13:06:32.834  INFO 2281 --- [main] o.f.c.i.dbsupport.DbSupportFactory       : Database: jdbc:mysql://localhost:3306/chubaogame (MySQL 5.5)
2016-02-02 13:06:32.955  INFO 2281 --- [main] o.f.core.internal.command.DbValidate     : Validated 1 migration (execution time 00:00.070s)
2016-02-02 13:06:33.128  INFO 2281 --- [main] o.f.core.internal.command.DbMigrate      : Current version of schema `chubaogame`: 1.2.0
2016-02-02 13:06:33.130  INFO 2281 --- [main] o.f.core.internal.command.DbMigrate      : Schema `chubaogame` is up to date. No migration necessary.
2016-02-02 13:06:33.350  INFO 2281 --- [main] o.s.w.s.v.f.FreeMarkerConfigurer         : ClassTemplateLoader for Spring macros added to FreeMarker configuration
2016-02-02 13:06:33.564  INFO 2281 --- [main] c.chubao.cf.game.CbGameApplicationTests  : Started CbGameApplicationTests in 7.294 seconds (JVM running for 8.39)
2016-02-02 13:06:33.608  INFO 2281 --- [Thread-2] o.s.w.c.s.GenericWebApplicationContext   : Closing org.springframework.web.context.support.GenericWebApplicationContext@672872e1: startup date [Tue Feb 02 13:06:27 CST 2016]; root of context hierarchy
2016-02-02 13:06:33.621  INFO 2281 --- [Thread-2] com.alibaba.druid.pool.DruidDataSource   : {dataSource-1} closed
2016-02-02 13:17:22.029  INFO 2328 --- [main] c.chubao.cf.game.CbGameApplicationTests  : Starting CbGameApplicationTests on chengfengdeMacBook-Air.local with PID 2328 (started by chengfeng in /Users/chengfeng/Documents/_WORK/触宝网站/项目代码/cbGame)
2016-02-02 13:17:22.037  INFO 2328 --- [main] c.chubao.cf.game.CbGameApplicationTests  : No active profile set, falling back to default profiles: default
2016-02-02 13:17:22.190  INFO 2328 --- [main] o.s.w.c.s.GenericWebApplicationContext   : Refreshing org.springframework.web.context.support.GenericWebApplicationContext@623a8092: startup date [Tue Feb 02 13:17:22 CST 2016]; root of context hierarchy
2016-02-02 13:17:23.243  INFO 2328 --- [main] o.s.b.f.s.DefaultListableBeanFactory     : Overriding bean definition for bean 'beanNameViewResolver' with a different definition: replacing [Root bean: class [null]; scope=; abstract=false; lazyInit=false; autowireMode=3; dependencyCheck=0; autowireCandidate=true; primary=false; factoryBeanName=org.springframework.boot.autoconfigure.web.ErrorMvcAutoConfiguration$WhitelabelErrorViewConfiguration; factoryMethodName=beanNameViewResolver; initMethodName=null; destroyMethodName=(inferred); defined in class path resource [org/springframework/boot/autoconfigure/web/ErrorMvcAutoConfiguration$WhitelabelErrorViewConfiguration.class]] with [Root bean: class [null]; scope=; abstract=false; lazyInit=false; autowireMode=3; dependencyCheck=0; autowireCandidate=true; primary=false; factoryBeanName=org.springframework.boot.autoconfigure.web.WebMvcAutoConfiguration$WebMvcAutoConfigurationAdapter; factoryMethodName=beanNameViewResolver; initMethodName=null; destroyMethodName=(inferred); defined in class path resource [org/springframework/boot/autoconfigure/web/WebMvcAutoConfiguration$WebMvcAutoConfigurationAdapter.class]]
2016-02-02 13:17:23.927  INFO 2328 --- [main] trationDelegate$BeanPostProcessorChecker : Bean 'org.springframework.boot.autoconfigure.flyway.FlywayAutoConfiguration' of type [class org.springframework.boot.autoconfigure.flyway.FlywayAutoConfiguration$$EnhancerBySpringCGLIB$$c60199e2] is not eligible for getting processed by all BeanPostProcessors (for example: not eligible for auto-proxying)
2016-02-02 13:17:23.959  INFO 2328 --- [main] trationDelegate$BeanPostProcessorChecker : Bean 'stringToMigrationVersionConverter' of type [class org.springframework.boot.autoconfigure.flyway.FlywayAutoConfiguration$StringToMigrationVersionConverter] is not eligible for getting processed by all BeanPostProcessors (for example: not eligible for auto-proxying)
2016-02-02 13:17:24.057  INFO 2328 --- [main] trationDelegate$BeanPostProcessorChecker : Bean 'dbProperty' of type [class com.chubao.cf.game.domain.DbProperty] is not eligible for getting processed by all BeanPostProcessors (for example: not eligible for auto-proxying)
2016-02-02 13:17:24.059  INFO 2328 --- [main] trationDelegate$BeanPostProcessorChecker : Bean 'dbConfig' of type [class com.chubao.cf.game.config.DbConfig$$EnhancerBySpringCGLIB$$12d33557] is not eligible for getting processed by all BeanPostProcessors (for example: not eligible for auto-proxying)
2016-02-02 13:17:24.194  INFO 2328 --- [main] trationDelegate$BeanPostProcessorChecker : Bean 'dataSource' of type [class com.alibaba.druid.pool.DruidDataSource] is not eligible for getting processed by all BeanPostProcessors (for example: not eligible for auto-proxying)
2016-02-02 13:17:24.307  INFO 2328 --- [main] trationDelegate$BeanPostProcessorChecker : Bean 'sqlSessionFactoryBean' of type [class org.apache.ibatis.session.defaults.DefaultSqlSessionFactory] is not eligible for getting processed by all BeanPostProcessors (for example: not eligible for auto-proxying)
2016-02-02 13:17:24.518  INFO 2328 --- [main] trationDelegate$BeanPostProcessorChecker : Bean 'IUserDao' of type [class org.mybatis.spring.mapper.MapperFactoryBean] is not eligible for getting processed by all BeanPostProcessors (for example: not eligible for auto-proxying)
2016-02-02 13:17:24.536  INFO 2328 --- [main] trationDelegate$BeanPostProcessorChecker : Bean 'IGameTypeDao' of type [class org.mybatis.spring.mapper.MapperFactoryBean] is not eligible for getting processed by all BeanPostProcessors (for example: not eligible for auto-proxying)
2016-02-02 13:17:24.552  INFO 2328 --- [main] trationDelegate$BeanPostProcessorChecker : Bean 'IGameDeveloperDao' of type [class org.mybatis.spring.mapper.MapperFactoryBean] is not eligible for getting processed by all BeanPostProcessors (for example: not eligible for auto-proxying)
2016-02-02 13:17:24.575  INFO 2328 --- [main] trationDelegate$BeanPostProcessorChecker : Bean 'IGameDao' of type [class org.mybatis.spring.mapper.MapperFactoryBean] is not eligible for getting processed by all BeanPostProcessors (for example: not eligible for auto-proxying)
2016-02-02 13:17:24.592  INFO 2328 --- [main] trationDelegate$BeanPostProcessorChecker : Bean 'ICommentDao' of type [class org.mybatis.spring.mapper.MapperFactoryBean] is not eligible for getting processed by all BeanPostProcessors (for example: not eligible for auto-proxying)
2016-02-02 13:17:24.605  INFO 2328 --- [main] trationDelegate$BeanPostProcessorChecker : Bean 'IArticleDao' of type [class org.mybatis.spring.mapper.MapperFactoryBean] is not eligible for getting processed by all BeanPostProcessors (for example: not eligible for auto-proxying)
2016-02-02 13:17:24.651  INFO 2328 --- [main] trationDelegate$BeanPostProcessorChecker : Bean 'org.springframework.transaction.annotation.ProxyTransactionManagementConfiguration' of type [class org.springframework.transaction.annotation.ProxyTransactionManagementConfiguration$$EnhancerBySpringCGLIB$$989ea7b8] is not eligible for getting processed by all BeanPostProcessors (for example: not eligible for auto-proxying)
2016-02-02 13:17:25.665  INFO 2328 --- [main] s.w.s.m.m.a.RequestMappingHandlerAdapter : Looking for @ControllerAdvice: org.springframework.web.context.support.GenericWebApplicationContext@623a8092: startup date [Tue Feb 02 13:17:22 CST 2016]; root of context hierarchy
2016-02-02 13:17:25.799  INFO 2328 --- [main] s.w.s.m.m.a.RequestMappingHandlerMapping : Mapped "{[/admin/article/edit],methods=[POST]}" onto public java.lang.String com.chubao.cf.game.controller.admin.AdminArticleController.editArticle(com.chubao.cf.game.domain.Article,java.lang.String)
2016-02-02 13:17:25.802  INFO 2328 --- [main] s.w.s.m.m.a.RequestMappingHandlerMapping : Mapped "{[/admin/familySafety/{value}],methods=[GET]}" onto public java.lang.String com.chubao.cf.game.controller.admin.AdminFamilySafetyController.dispacher(java.lang.String,org.springframework.ui.Model,javax.servlet.http.HttpServletRequest)
2016-02-02 13:17:25.804  INFO 2328 --- [main] s.w.s.m.m.a.RequestMappingHandlerMapping : Mapped "{[/admin/familySafety/{value}],methods=[POST]}" onto public java.lang.String com.chubao.cf.game.controller.admin.AdminFamilySafetyController.processEdit(java.lang.String,com.chubao.cf.game.domain.Article,org.springframework.ui.Model,org.springframework.web.servlet.mvc.support.RedirectAttributes)
2016-02-02 13:17:25.810  INFO 2328 --- [main] s.w.s.m.m.a.RequestMappingHandlerMapping : Mapped "{[/admin/game/add],methods=[GET]}" onto public java.lang.String com.chubao.cf.game.controller.admin.AdminGameController.addGameView(org.springframework.ui.Model)
2016-02-02 13:17:25.812  INFO 2328 --- [main] s.w.s.m.m.a.RequestMappingHandlerMapping : Mapped "{[/admin/game/add],methods=[POST]}" onto public java.lang.String com.chubao.cf.game.controller.admin.AdminGameController.addGame(org.springframework.web.multipart.MultipartFile,com.chubao.cf.game.domain.Game,java.lang.String[],org.springframework.ui.Model,org.springframework.web.servlet.mvc.support.RedirectAttributes,javax.servlet.http.HttpServletRequest)
2016-02-02 13:17:25.812  INFO 2328 --- [main] s.w.s.m.m.a.RequestMappingHandlerMapping : Mapped "{[/admin/game/edit/{gameId}],methods=[GET]}" onto public java.lang.String com.chubao.cf.game.controller.admin.AdminGameController.editGameView(java.lang.Integer,org.springframework.ui.Model)
2016-02-02 13:17:25.813  INFO 2328 --- [main] s.w.s.m.m.a.RequestMappingHandlerMapping : Mapped "{[/admin/game/edit/top/{gameId}],methods=[GET]}" onto public java.lang.String com.chubao.cf.game.controller.admin.AdminGameController.topGame(java.lang.Integer,java.lang.Integer,org.springframework.web.servlet.mvc.support.RedirectAttributes)
2016-02-02 13:17:25.815  INFO 2328 --- [main] s.w.s.m.m.a.RequestMappingHandlerMapping : Mapped "{[/admin/game/edit/{gameId}],methods=[POST]}" onto public java.lang.String com.chubao.cf.game.controller.admin.AdminGameController.editGame(org.springframework.web.multipart.MultipartFile,com.chubao.cf.game.domain.Game,java.lang.String[],org.springframework.ui.Model,org.springframework.web.servlet.mvc.support.RedirectAttributes,javax.servlet.http.HttpServletRequest)
2016-02-02 13:17:25.815  INFO 2328 --- [main] s.w.s.m.m.a.RequestMappingHandlerMapping : Mapped "{[/admin/game/manage]}" onto public java.lang.String com.chubao.cf.game.controller.admin.AdminGameController.manageGame(org.springframework.ui.Model)
2016-02-02 13:17:25.815  INFO 2328 --- [main] s.w.s.m.m.a.RequestMappingHandlerMapping : Mapped "{[/admin/game/delete/{gameId}]}" onto public java.lang.String com.chubao.cf.game.controller.admin.AdminGameController.deleteGame(java.lang.Integer,org.springframework.web.servlet.mvc.support.RedirectAttributes)
2016-02-02 13:17:25.818  INFO 2328 --- [main] s.w.s.m.m.a.RequestMappingHandlerMapping : Mapped "{[/admin]}" onto public java.lang.String com.chubao.cf.game.controller.admin.AdminHomeController.index()
2016-02-02 13:17:25.819  INFO 2328 --- [main] s.w.s.m.m.a.RequestMappingHandlerMapping : Mapped "{[/admin/edit/{value}],methods=[POST]}" onto public java.lang.String com.chubao.cf.game.controller.admin.AdminHomeController.processEdit(java.lang.String,com.chubao.cf.game.domain.Article,org.springframework.ui.Model,org.springframework.web.servlet.mvc.support.RedirectAttributes)
2016-02-02 13:17:25.819  INFO 2328 --- [main] s.w.s.m.m.a.RequestMappingHandlerMapping : Mapped "{[/admin/about]}" onto public java.lang.String com.chubao.cf.game.controller.admin.AdminHomeController.companyIntroduction(org.springframework.ui.Model)
2016-02-02 13:17:25.819  INFO 2328 --- [main] s.w.s.m.m.a.RequestMappingHandlerMapping : Mapped "{[/admin/contactUs]}" onto public java.lang.String com.chubao.cf.game.controller.admin.AdminHomeController.contactUs(org.springframework.ui.Model)
2016-02-02 13:17:25.820  INFO 2328 --- [main] s.w.s.m.m.a.RequestMappingHandlerMapping : Mapped "{[/admin/login],methods=[GET]}" onto public java.lang.String com.chubao.cf.game.controller.admin.AdminHomeController.loginView(org.springframework.ui.Model)
2016-02-02 13:17:25.822  INFO 2328 --- [main] s.w.s.m.m.a.RequestMappingHandlerMapping : Mapped "{[/admin/logout]}" onto public java.lang.String com.chubao.cf.game.controller.admin.AdminHomeController.logOut()
2016-02-02 13:17:25.825  INFO 2328 --- [main] s.w.s.m.m.a.RequestMappingHandlerMapping : Mapped "{[/admin/login],methods=[POST]}" onto public java.lang.String com.chubao.cf.game.controller.admin.AdminHomeController.processLogin()
2016-02-02 13:17:25.828  INFO 2328 --- [main] s.w.s.m.m.a.RequestMappingHandlerMapping : Mapped "{[/admin/user]}" onto public java.lang.String com.chubao.cf.game.controller.admin.AdminUserController.home()
2016-02-02 13:17:25.831  INFO 2328 --- [main] s.w.s.m.m.a.RequestMappingHandlerMapping : Mapped "{[/admin/user/manage],methods=[GET]}" onto public java.lang.String com.chubao.cf.game.controller.admin.AdminUserController.manage(org.springframework.ui.Model)
2016-02-02 13:17:25.832  INFO 2328 --- [main] s.w.s.m.m.a.RequestMappingHandlerMapping : Mapped "{[/admin/user/changeAdminPassword],methods=[GET]}" onto public java.lang.String com.chubao.cf.game.controller.admin.AdminUserController.changeCodeView(org.springframework.ui.Model)
2016-02-02 13:17:25.833  INFO 2328 --- [main] s.w.s.m.m.a.RequestMappingHandlerMapping : Mapped "{[/admin/user/changeAdminPassword],methods=[POST]}" onto public java.lang.String com.chubao.cf.game.controller.admin.AdminUserController.changeAdminPass(java.lang.String,java.lang.String,org.springframework.ui.Model,org.springframework.web.servlet.mvc.support.RedirectAttributes)
2016-02-02 13:17:25.835  INFO 2328 --- [main] s.w.s.m.m.a.RequestMappingHandlerMapping : Mapped "{[/register],methods=[POST]}" onto public java.lang.String com.chubao.cf.game.controller.HomeController.register(com.chubao.cf.game.domain.User,java.lang.String)
2016-02-02 13:17:25.836  INFO 2328 --- [main] s.w.s.m.m.a.RequestMappingHandlerMapping : Mapped "{[/logout]}" onto public java.lang.String com.chubao.cf.game.controller.HomeController.logout()
2016-02-02 13:17:25.837  INFO 2328 --- [main] s.w.s.m.m.a.RequestMappingHandlerMapping : Mapped "{[/]}" onto public java.lang.String com.chubao.cf.game.controller.HomeController.home(org.springframework.ui.Model)
2016-02-02 13:17:25.837  INFO 2328 --- [main] s.w.s.m.m.a.RequestMappingHandlerMapping : Mapped "{[/contactUs]}" onto public java.lang.String com.chubao.cf.game.controller.HomeController.contactUs(org.springframework.ui.Model)
2016-02-02 13:17:25.838  INFO 2328 --- [main] s.w.s.m.m.a.RequestMappingHandlerMapping : Mapped "{[/login],methods=[GET]}" onto public java.lang.String com.chubao.cf.game.controller.HomeController.loginView(org.springframework.ui.Model)
2016-02-02 13:17:25.839  INFO 2328 --- [main] s.w.s.m.m.a.RequestMappingHandlerMapping : Mapped "{[/about]}" onto public java.lang.String com.chubao.cf.game.controller.HomeController.about(org.springframework.ui.Model)
2016-02-02 13:17:25.840  INFO 2328 --- [main] s.w.s.m.m.a.RequestMappingHandlerMapping : Mapped "{[/familySafety]}" onto public java.lang.String com.chubao.cf.game.controller.HomeController.familySafety()
2016-02-02 13:17:25.841  INFO 2328 --- [main] s.w.s.m.m.a.RequestMappingHandlerMapping : Mapped "{[/familySafety/{value}]}" onto public java.lang.String com.chubao.cf.game.controller.HomeController.familySafetyOfContent(java.lang.String,org.springframework.ui.Model)
2016-02-02 13:17:25.841  INFO 2328 --- [main] s.w.s.m.m.a.RequestMappingHandlerMapping : Mapped "{[/login],methods=[POST]}" onto public java.lang.String com.chubao.cf.game.controller.HomeController.loginProcess(java.lang.String,java.lang.String,java.lang.String,org.springframework.ui.Model)
2016-02-02 13:17:25.842  INFO 2328 --- [main] s.w.s.m.m.a.RequestMappingHandlerMapping : Mapped "{[/register],methods=[GET]}" onto public java.lang.String com.chubao.cf.game.controller.HomeController.registerView()
2016-02-02 13:17:25.843  INFO 2328 --- [main] s.w.s.m.m.a.RequestMappingHandlerMapping : Mapped "{[/comment/add],methods=[POST]}" onto public java.lang.String com.chubao.cf.game.controller.user.CommentController.addComment(com.chubao.cf.game.domain.Comment,java.lang.String,java.lang.String,javax.servlet.http.HttpSession)
2016-02-02 13:17:25.845  INFO 2328 --- [main] s.w.s.m.m.a.RequestMappingHandlerMapping : Mapped "{[/game/{gameId}],methods=[GET]}" onto public java.lang.String com.chubao.cf.game.controller.user.GameController.getGame(java.lang.String,org.springframework.ui.Model)
2016-02-02 13:17:25.846  INFO 2328 --- [main] s.w.s.m.m.a.RequestMappingHandlerMapping : Mapped "{[/game]}" onto public java.lang.String com.chubao.cf.game.controller.user.GameController.getAllGame(org.springframework.ui.Model)
2016-02-02 13:17:25.847  INFO 2328 --- [main] s.w.s.m.m.a.RequestMappingHandlerMapping : Mapped "{[/register/validate],methods=[POST]}" onto public java.lang.String com.chubao.cf.game.controller.user.UserController.ValidateFields(java.lang.String,java.lang.String)
2016-02-02 13:17:25.848  INFO 2328 --- [main] s.w.s.m.m.a.RequestMappingHandlerMapping : Mapped "{[/admin/upload/images]}" onto public java.lang.Object com.chubao.cf.game.controller.util.GameUploadImages.uploadGameImages(org.springframework.web.multipart.MultipartFile,javax.servlet.http.HttpServletRequest)
2016-02-02 13:17:25.849  INFO 2328 --- [main] s.w.s.m.m.a.RequestMappingHandlerMapping : Mapped "{[/kindEditor/upload],methods=[POST]}" onto public java.util.Map<java.lang.String, java.lang.Object> com.chubao.cf.game.controller.util.KindEditorController.fileUpload(org.springframework.web.multipart.MultipartFile,javax.servlet.http.HttpServletRequest,javax.servlet.http.HttpServletResponse)
2016-02-02 13:17:25.852  INFO 2328 --- [main] s.w.s.m.m.a.RequestMappingHandlerMapping : Mapped "{[/kindEditor/fileManager]}" onto public java.lang.Object com.chubao.cf.game.controller.util.KindEditorController.fileManager(javax.servlet.http.HttpServletRequest,javax.servlet.http.HttpServletResponse)
2016-02-02 13:17:25.853  INFO 2328 --- [main] s.w.s.m.m.a.RequestMappingHandlerMapping : Mapped "{[/pcrimg]}" onto public void com.chubao.cf.game.controller.util.SecurityCode.crimg(javax.servlet.http.HttpServletRequest,javax.servlet.http.HttpServletResponse) throws java.io.IOException
2016-02-02 13:17:25.856  INFO 2328 --- [main] s.w.s.m.m.a.RequestMappingHandlerMapping : Mapped "{[/error]}" onto public org.springframework.http.ResponseEntity<java.util.Map<java.lang.String, java.lang.Object>> org.springframework.boot.autoconfigure.web.BasicErrorController.error(javax.servlet.http.HttpServletRequest)
2016-02-02 13:17:25.857  INFO 2328 --- [main] s.w.s.m.m.a.RequestMappingHandlerMapping : Mapped "{[/error],produces=[text/html]}" onto public org.springframework.web.servlet.ModelAndView org.springframework.boot.autoconfigure.web.BasicErrorController.errorHtml(javax.servlet.http.HttpServletRequest,javax.servlet.http.HttpServletResponse)
2016-02-02 13:17:25.921  INFO 2328 --- [main] o.s.w.s.handler.SimpleUrlHandlerMapping  : Mapped URL path [/webjars/**] onto handler of type [class org.springframework.web.servlet.resource.ResourceHttpRequestHandler]
2016-02-02 13:17:25.922  INFO 2328 --- [main] o.s.w.s.handler.SimpleUrlHandlerMapping  : Mapped URL path [/**] onto handler of type [class org.springframework.web.servlet.resource.ResourceHttpRequestHandler]
2016-02-02 13:17:25.998  INFO 2328 --- [main] o.s.w.s.handler.SimpleUrlHandlerMapping  : Mapped URL path [/**/favicon.ico] onto handler of type [class org.springframework.web.servlet.resource.ResourceHttpRequestHandler]
2016-02-02 13:17:26.463  INFO 2328 --- [main] o.f.core.internal.util.VersionPrinter    : Flyway 3.2.1 by Boxfuse
2016-02-02 13:17:26.536  INFO 2328 --- [main] com.alibaba.druid.pool.DruidDataSource   : {dataSource-1} inited
2016-02-02 13:17:26.957  INFO 2328 --- [main] o.f.c.i.dbsupport.DbSupportFactory       : Database: jdbc:mysql://localhost:3306/chubaogame (MySQL 5.5)
2016-02-02 13:17:27.019  INFO 2328 --- [main] o.f.core.internal.command.DbValidate     : Validated 1 migration (execution time 00:00.039s)
2016-02-02 13:17:27.063  INFO 2328 --- [main] o.f.core.internal.command.DbMigrate      : Current version of schema `chubaogame`: 1.2.0
2016-02-02 13:17:27.064  INFO 2328 --- [main] o.f.core.internal.command.DbMigrate      : Schema `chubaogame` is up to date. No migration necessary.
2016-02-02 13:17:27.193  INFO 2328 --- [main] o.s.w.s.v.f.FreeMarkerConfigurer         : ClassTemplateLoader for Spring macros added to FreeMarker configuration
2016-02-02 13:17:27.383  INFO 2328 --- [main] c.chubao.cf.game.CbGameApplicationTests  : Started CbGameApplicationTests in 6.208 seconds (JVM running for 7.223)
2016-02-02 13:17:27.430  INFO 2328 --- [Thread-2] o.s.w.c.s.GenericWebApplicationContext   : Closing org.springframework.web.context.support.GenericWebApplicationContext@623a8092: startup date [Tue Feb 02 13:17:22 CST 2016]; root of context hierarchy
2016-02-02 13:17:27.450  INFO 2328 --- [Thread-2] com.alibaba.druid.pool.DruidDataSource   : {dataSource-1} closed
2016-02-02 17:45:05.956  INFO 3795 --- [main] c.chubao.cf.game.CbGameApplicationTests  : Starting CbGameApplicationTests on chengfengdeMacBook-Air.local with PID 3795 (started by chengfeng in /Users/chengfeng/Documents/_WORK/触宝网站/项目代码/cbGame)
2016-02-02 17:45:05.964  INFO 3795 --- [main] c.chubao.cf.game.CbGameApplicationTests  : No active profile set, falling back to default profiles: default
2016-02-02 17:45:06.196  INFO 3795 --- [main] o.s.w.c.s.GenericWebApplicationContext   : Refreshing org.springframework.web.context.support.GenericWebApplicationContext@2f465398: startup date [Tue Feb 02 17:45:06 CST 2016]; root of context hierarchy
2016-02-02 17:45:08.370  INFO 3795 --- [main] o.s.b.f.s.DefaultListableBeanFactory     : Overriding bean definition for bean 'beanNameViewResolver' with a different definition: replacing [Root bean: class [null]; scope=; abstract=false; lazyInit=false; autowireMode=3; dependencyCheck=0; autowireCandidate=true; primary=false; factoryBeanName=org.springframework.boot.autoconfigure.web.ErrorMvcAutoConfiguration$WhitelabelErrorViewConfiguration; factoryMethodName=beanNameViewResolver; initMethodName=null; destroyMethodName=(inferred); defined in class path resource [org/springframework/boot/autoconfigure/web/ErrorMvcAutoConfiguration$WhitelabelErrorViewConfiguration.class]] with [Root bean: class [null]; scope=; abstract=false; lazyInit=false; autowireMode=3; dependencyCheck=0; autowireCandidate=true; primary=false; factoryBeanName=org.springframework.boot.autoconfigure.web.WebMvcAutoConfiguration$WebMvcAutoConfigurationAdapter; factoryMethodName=beanNameViewResolver; initMethodName=null; destroyMethodName=(inferred); defined in class path resource [org/springframework/boot/autoconfigure/web/WebMvcAutoConfiguration$WebMvcAutoConfigurationAdapter.class]]
2016-02-02 17:45:09.514  INFO 3795 --- [main] trationDelegate$BeanPostProcessorChecker : Bean 'org.springframework.boot.autoconfigure.flyway.FlywayAutoConfiguration' of type [class org.springframework.boot.autoconfigure.flyway.FlywayAutoConfiguration$$EnhancerBySpringCGLIB$$2f359596] is not eligible for getting processed by all BeanPostProcessors (for example: not eligible for auto-proxying)
2016-02-02 17:45:09.568  INFO 3795 --- [main] trationDelegate$BeanPostProcessorChecker : Bean 'stringToMigrationVersionConverter' of type [class org.springframework.boot.autoconfigure.flyway.FlywayAutoConfiguration$StringToMigrationVersionConverter] is not eligible for getting processed by all BeanPostProcessors (for example: not eligible for auto-proxying)
2016-02-02 17:45:09.755  INFO 3795 --- [main] trationDelegate$BeanPostProcessorChecker : Bean 'dbProperty' of type [class com.chubao.cf.game.domain.DbProperty] is not eligible for getting processed by all BeanPostProcessors (for example: not eligible for auto-proxying)
2016-02-02 17:45:09.763  INFO 3795 --- [main] trationDelegate$BeanPostProcessorChecker : Bean 'dbConfig' of type [class com.chubao.cf.game.config.DbConfig$$EnhancerBySpringCGLIB$$7c07310b] is not eligible for getting processed by all BeanPostProcessors (for example: not eligible for auto-proxying)
2016-02-02 17:45:10.044  INFO 3795 --- [main] trationDelegate$BeanPostProcessorChecker : Bean 'dataSource' of type [class com.alibaba.druid.pool.DruidDataSource] is not eligible for getting processed by all BeanPostProcessors (for example: not eligible for auto-proxying)
2016-02-02 17:45:10.246  INFO 3795 --- [main] trationDelegate$BeanPostProcessorChecker : Bean 'sqlSessionFactoryBean' of type [class org.apache.ibatis.session.defaults.DefaultSqlSessionFactory] is not eligible for getting processed by all BeanPostProcessors (for example: not eligible for auto-proxying)
2016-02-02 17:45:10.647  INFO 3795 --- [main] trationDelegate$BeanPostProcessorChecker : Bean 'IUserDao' of type [class org.mybatis.spring.mapper.MapperFactoryBean] is not eligible for getting processed by all BeanPostProcessors (for example: not eligible for auto-proxying)
2016-02-02 17:45:10.678  INFO 3795 --- [main] trationDelegate$BeanPostProcessorChecker : Bean 'IGameTypeDao' of type [class org.mybatis.spring.mapper.MapperFactoryBean] is not eligible for getting processed by all BeanPostProcessors (for example: not eligible for auto-proxying)
2016-02-02 17:45:10.773  INFO 3795 --- [main] trationDelegate$BeanPostProcessorChecker : Bean 'IGameDeveloperDao' of type [class org.mybatis.spring.mapper.MapperFactoryBean] is not eligible for getting processed by all BeanPostProcessors (for example: not eligible for auto-proxying)
2016-02-02 17:45:10.807  INFO 3795 --- [main] trationDelegate$BeanPostProcessorChecker : Bean 'IGameDao' of type [class org.mybatis.spring.mapper.MapperFactoryBean] is not eligible for getting processed by all BeanPostProcessors (for example: not eligible for auto-proxying)
2016-02-02 17:45:10.869  INFO 3795 --- [main] trationDelegate$BeanPostProcessorChecker : Bean 'ICommentDao' of type [class org.mybatis.spring.mapper.MapperFactoryBean] is not eligible for getting processed by all BeanPostProcessors (for example: not eligible for auto-proxying)
2016-02-02 17:45:10.886  INFO 3795 --- [main] trationDelegate$BeanPostProcessorChecker : Bean 'IArticleDao' of type [class org.mybatis.spring.mapper.MapperFactoryBean] is not eligible for getting processed by all BeanPostProcessors (for example: not eligible for auto-proxying)
2016-02-02 17:45:11.001  INFO 3795 --- [main] trationDelegate$BeanPostProcessorChecker : Bean 'org.springframework.transaction.annotation.ProxyTransactionManagementConfiguration' of type [class org.springframework.transaction.annotation.ProxyTransactionManagementConfiguration$$EnhancerBySpringCGLIB$$1d2a36c] is not eligible for getting processed by all BeanPostProcessors (for example: not eligible for auto-proxying)
2016-02-02 17:45:13.232  INFO 3795 --- [main] s.w.s.m.m.a.RequestMappingHandlerAdapter : Looking for @ControllerAdvice: org.springframework.web.context.support.GenericWebApplicationContext@2f465398: startup date [Tue Feb 02 17:45:06 CST 2016]; root of context hierarchy
2016-02-02 17:45:13.490  INFO 3795 --- [main] s.w.s.m.m.a.RequestMappingHandlerMapping : Mapped "{[/admin/article/edit],methods=[POST]}" onto public java.lang.String com.chubao.cf.game.controller.admin.AdminArticleController.editArticle(com.chubao.cf.game.domain.Article,java.lang.String)
2016-02-02 17:45:13.493  INFO 3795 --- [main] s.w.s.m.m.a.RequestMappingHandlerMapping : Mapped "{[/admin/familySafety/{value}],methods=[GET]}" onto public java.lang.String com.chubao.cf.game.controller.admin.AdminFamilySafetyController.dispacher(java.lang.String,org.springframework.ui.Model,javax.servlet.http.HttpServletRequest)
2016-02-02 17:45:13.494  INFO 3795 --- [main] s.w.s.m.m.a.RequestMappingHandlerMapping : Mapped "{[/admin/familySafety/{value}],methods=[POST]}" onto public java.lang.String com.chubao.cf.game.controller.admin.AdminFamilySafetyController.processEdit(java.lang.String,com.chubao.cf.game.domain.Article,org.springframework.ui.Model,org.springframework.web.servlet.mvc.support.RedirectAttributes)
2016-02-02 17:45:13.508  INFO 3795 --- [main] s.w.s.m.m.a.RequestMappingHandlerMapping : Mapped "{[/admin/game/add],methods=[GET]}" onto public java.lang.String com.chubao.cf.game.controller.admin.AdminGameController.addGameView(org.springframework.ui.Model)
2016-02-02 17:45:13.514  INFO 3795 --- [main] s.w.s.m.m.a.RequestMappingHandlerMapping : Mapped "{[/admin/game/add],methods=[POST]}" onto public java.lang.String com.chubao.cf.game.controller.admin.AdminGameController.addGame(org.springframework.web.multipart.MultipartFile,com.chubao.cf.game.domain.Game,java.lang.String[],org.springframework.ui.Model,org.springframework.web.servlet.mvc.support.RedirectAttributes,javax.servlet.http.HttpServletRequest)
2016-02-02 17:45:13.516  INFO 3795 --- [main] s.w.s.m.m.a.RequestMappingHandlerMapping : Mapped "{[/admin/game/edit/{gameId}],methods=[GET]}" onto public java.lang.String com.chubao.cf.game.controller.admin.AdminGameController.editGameView(java.lang.Integer,org.springframework.ui.Model)
2016-02-02 17:45:13.522  INFO 3795 --- [main] s.w.s.m.m.a.RequestMappingHandlerMapping : Mapped "{[/admin/game/edit/top/{gameId}],methods=[GET]}" onto public java.lang.String com.chubao.cf.game.controller.admin.AdminGameController.topGame(java.lang.Integer,java.lang.Integer,org.springframework.web.servlet.mvc.support.RedirectAttributes)
2016-02-02 17:45:13.523  INFO 3795 --- [main] s.w.s.m.m.a.RequestMappingHandlerMapping : Mapped "{[/admin/game/edit/{gameId}],methods=[POST]}" onto public java.lang.String com.chubao.cf.game.controller.admin.AdminGameController.editGame(org.springframework.web.multipart.MultipartFile,com.chubao.cf.game.domain.Game,java.lang.String[],org.springframework.ui.Model,org.springframework.web.servlet.mvc.support.RedirectAttributes,javax.servlet.http.HttpServletRequest)
2016-02-02 17:45:13.524  INFO 3795 --- [main] s.w.s.m.m.a.RequestMappingHandlerMapping : Mapped "{[/admin/game/manage]}" onto public java.lang.String com.chubao.cf.game.controller.admin.AdminGameController.manageGame(org.springframework.ui.Model)
2016-02-02 17:45:13.526  INFO 3795 --- [main] s.w.s.m.m.a.RequestMappingHandlerMapping : Mapped "{[/admin/game/delete/{gameId}]}" onto public java.lang.String com.chubao.cf.game.controller.admin.AdminGameController.deleteGame(java.lang.Integer,org.springframework.web.servlet.mvc.support.RedirectAttributes)
2016-02-02 17:45:13.543  INFO 3795 --- [main] s.w.s.m.m.a.RequestMappingHandlerMapping : Mapped "{[/admin]}" onto public java.lang.String com.chubao.cf.game.controller.admin.AdminHomeController.index()
2016-02-02 17:45:13.548  INFO 3795 --- [main] s.w.s.m.m.a.RequestMappingHandlerMapping : Mapped "{[/admin/edit/{value}],methods=[POST]}" onto public java.lang.String com.chubao.cf.game.controller.admin.AdminHomeController.processEdit(java.lang.String,com.chubao.cf.game.domain.Article,org.springframework.ui.Model,org.springframework.web.servlet.mvc.support.RedirectAttributes)
2016-02-02 17:45:13.549  INFO 3795 --- [main] s.w.s.m.m.a.RequestMappingHandlerMapping : Mapped "{[/admin/about]}" onto public java.lang.String com.chubao.cf.game.controller.admin.AdminHomeController.companyIntroduction(org.springframework.ui.Model)
2016-02-02 17:45:13.550  INFO 3795 --- [main] s.w.s.m.m.a.RequestMappingHandlerMapping : Mapped "{[/admin/contactUs]}" onto public java.lang.String com.chubao.cf.game.controller.admin.AdminHomeController.contactUs(org.springframework.ui.Model)
2016-02-02 17:45:13.551  INFO 3795 --- [main] s.w.s.m.m.a.RequestMappingHandlerMapping : Mapped "{[/admin/login],methods=[GET]}" onto public java.lang.String com.chubao.cf.game.controller.admin.AdminHomeController.loginView(org.springframework.ui.Model)
2016-02-02 17:45:13.552  INFO 3795 --- [main] s.w.s.m.m.a.RequestMappingHandlerMapping : Mapped "{[/admin/logout]}" onto public java.lang.String com.chubao.cf.game.controller.admin.AdminHomeController.logOut()
2016-02-02 17:45:13.552  INFO 3795 --- [main] s.w.s.m.m.a.RequestMappingHandlerMapping : Mapped "{[/admin/login],methods=[POST]}" onto public java.lang.String com.chubao.cf.game.controller.admin.AdminHomeController.processLogin()
2016-02-02 17:45:13.555  INFO 3795 --- [main] s.w.s.m.m.a.RequestMappingHandlerMapping : Mapped "{[/admin/user]}" onto public java.lang.String com.chubao.cf.game.controller.admin.AdminUserController.home()
2016-02-02 17:45:13.556  INFO 3795 --- [main] s.w.s.m.m.a.RequestMappingHandlerMapping : Mapped "{[/admin/user/manage],methods=[GET]}" onto public java.lang.String com.chubao.cf.game.controller.admin.AdminUserController.manage(org.springframework.ui.Model)
2016-02-02 17:45:13.562  INFO 3795 --- [main] s.w.s.m.m.a.RequestMappingHandlerMapping : Mapped "{[/admin/user/changeAdminPassword],methods=[GET]}" onto public java.lang.String com.chubao.cf.game.controller.admin.AdminUserController.changeCodeView(org.springframework.ui.Model)
2016-02-02 17:45:13.562  INFO 3795 --- [main] s.w.s.m.m.a.RequestMappingHandlerMapping : Mapped "{[/admin/user/changeAdminPassword],methods=[POST]}" onto public java.lang.String com.chubao.cf.game.controller.admin.AdminUserController.changeAdminPass(java.lang.String,java.lang.String,org.springframework.ui.Model,org.springframework.web.servlet.mvc.support.RedirectAttributes)
2016-02-02 17:45:13.564  INFO 3795 --- [main] s.w.s.m.m.a.RequestMappingHandlerMapping : Mapped "{[/register],methods=[POST]}" onto public java.lang.String com.chubao.cf.game.controller.HomeController.register(com.chubao.cf.game.domain.User,java.lang.String)
2016-02-02 17:45:13.565  INFO 3795 --- [main] s.w.s.m.m.a.RequestMappingHandlerMapping : Mapped "{[/contactUs]}" onto public java.lang.String com.chubao.cf.game.controller.HomeController.contactUs(org.springframework.ui.Model)
2016-02-02 17:45:13.566  INFO 3795 --- [main] s.w.s.m.m.a.RequestMappingHandlerMapping : Mapped "{[/login],methods=[GET]}" onto public java.lang.String com.chubao.cf.game.controller.HomeController.loginView(org.springframework.ui.Model)
2016-02-02 17:45:13.567  INFO 3795 --- [main] s.w.s.m.m.a.RequestMappingHandlerMapping : Mapped "{[/about]}" onto public java.lang.String com.chubao.cf.game.controller.HomeController.about(org.springframework.ui.Model)
2016-02-02 17:45:13.568  INFO 3795 --- [main] s.w.s.m.m.a.RequestMappingHandlerMapping : Mapped "{[/logout]}" onto public java.lang.String com.chubao.cf.game.controller.HomeController.logout()
2016-02-02 17:45:13.568  INFO 3795 --- [main] s.w.s.m.m.a.RequestMappingHandlerMapping : Mapped "{[/]}" onto public java.lang.String com.chubao.cf.game.controller.HomeController.home(org.springframework.ui.Model)
2016-02-02 17:45:13.569  INFO 3795 --- [main] s.w.s.m.m.a.RequestMappingHandlerMapping : Mapped "{[/familySafety]}" onto public java.lang.String com.chubao.cf.game.controller.HomeController.familySafety()
2016-02-02 17:45:13.570  INFO 3795 --- [main] s.w.s.m.m.a.RequestMappingHandlerMapping : Mapped "{[/familySafety/{value}]}" onto public java.lang.String com.chubao.cf.game.controller.HomeController.familySafetyOfContent(java.lang.String,org.springframework.ui.Model)
2016-02-02 17:45:13.570  INFO 3795 --- [main] s.w.s.m.m.a.RequestMappingHandlerMapping : Mapped "{[/login],methods=[POST]}" onto public java.lang.String com.chubao.cf.game.controller.HomeController.loginProcess(java.lang.String,java.lang.String,java.lang.String,org.springframework.ui.Model)
2016-02-02 17:45:13.571  INFO 3795 --- [main] s.w.s.m.m.a.RequestMappingHandlerMapping : Mapped "{[/register],methods=[GET]}" onto public java.lang.String com.chubao.cf.game.controller.HomeController.registerView()
2016-02-02 17:45:13.572  INFO 3795 --- [main] s.w.s.m.m.a.RequestMappingHandlerMapping : Mapped "{[/comment/add],methods=[POST]}" onto public java.lang.String com.chubao.cf.game.controller.user.CommentController.addComment(com.chubao.cf.game.domain.Comment,java.lang.String,java.lang.String,javax.servlet.http.HttpSession)
2016-02-02 17:45:13.574  INFO 3795 --- [main] s.w.s.m.m.a.RequestMappingHandlerMapping : Mapped "{[/game/{gameId}],methods=[GET]}" onto public java.lang.String com.chubao.cf.game.controller.user.GameController.getGame(java.lang.String,org.springframework.ui.Model)
2016-02-02 17:45:13.575  INFO 3795 --- [main] s.w.s.m.m.a.RequestMappingHandlerMapping : Mapped "{[/game]}" onto public java.lang.String com.chubao.cf.game.controller.user.GameController.getAllGame(org.springframework.ui.Model)
2016-02-02 17:45:13.576  INFO 3795 --- [main] s.w.s.m.m.a.RequestMappingHandlerMapping : Mapped "{[/register/validate],methods=[POST]}" onto public java.lang.String com.chubao.cf.game.controller.user.UserController.ValidateFields(java.lang.String,java.lang.String)
2016-02-02 17:45:13.577  INFO 3795 --- [main] s.w.s.m.m.a.RequestMappingHandlerMapping : Mapped "{[/admin/upload/images]}" onto public java.lang.Object com.chubao.cf.game.controller.util.GameUploadImages.uploadGameImages(org.springframework.web.multipart.MultipartFile,javax.servlet.http.HttpServletRequest)
2016-02-02 17:45:13.578  INFO 3795 --- [main] s.w.s.m.m.a.RequestMappingHandlerMapping : Mapped "{[/kindEditor/upload],methods=[POST]}" onto public java.util.Map<java.lang.String, java.lang.Object> com.chubao.cf.game.controller.util.KindEditorController.fileUpload(org.springframework.web.multipart.MultipartFile,javax.servlet.http.HttpServletRequest,javax.servlet.http.HttpServletResponse)
2016-02-02 17:45:13.579  INFO 3795 --- [main] s.w.s.m.m.a.RequestMappingHandlerMapping : Mapped "{[/kindEditor/fileManager]}" onto public java.lang.Object com.chubao.cf.game.controller.util.KindEditorController.fileManager(javax.servlet.http.HttpServletRequest,javax.servlet.http.HttpServletResponse)
2016-02-02 17:45:13.580  INFO 3795 --- [main] s.w.s.m.m.a.RequestMappingHandlerMapping : Mapped "{[/pcrimg]}" onto public void com.chubao.cf.game.controller.util.SecurityCode.crimg(javax.servlet.http.HttpServletRequest,javax.servlet.http.HttpServletResponse) throws java.io.IOException
2016-02-02 17:45:13.582  INFO 3795 --- [main] s.w.s.m.m.a.RequestMappingHandlerMapping : Mapped "{[/error]}" onto public org.springframework.http.ResponseEntity<java.util.Map<java.lang.String, java.lang.Object>> org.springframework.boot.autoconfigure.web.BasicErrorController.error(javax.servlet.http.HttpServletRequest)
2016-02-02 17:45:13.583  INFO 3795 --- [main] s.w.s.m.m.a.RequestMappingHandlerMapping : Mapped "{[/error],produces=[text/html]}" onto public org.springframework.web.servlet.ModelAndView org.springframework.boot.autoconfigure.web.BasicErrorController.errorHtml(javax.servlet.http.HttpServletRequest,javax.servlet.http.HttpServletResponse)
2016-02-02 17:45:13.670  INFO 3795 --- [main] o.s.w.s.handler.SimpleUrlHandlerMapping  : Mapped URL path [/webjars/**] onto handler of type [class org.springframework.web.servlet.resource.ResourceHttpRequestHandler]
2016-02-02 17:45:13.670  INFO 3795 --- [main] o.s.w.s.handler.SimpleUrlHandlerMapping  : Mapped URL path [/**] onto handler of type [class org.springframework.web.servlet.resource.ResourceHttpRequestHandler]
2016-02-02 17:45:13.787  INFO 3795 --- [main] o.s.w.s.handler.SimpleUrlHandlerMapping  : Mapped URL path [/**/favicon.ico] onto handler of type [class org.springframework.web.servlet.resource.ResourceHttpRequestHandler]
2016-02-02 17:45:14.458  INFO 3795 --- [main] o.f.core.internal.util.VersionPrinter    : Flyway 3.2.1 by Boxfuse
2016-02-02 17:45:14.543  INFO 3795 --- [main] com.alibaba.druid.pool.DruidDataSource   : {dataSource-1} inited
2016-02-02 17:45:15.327  INFO 3795 --- [main] o.f.c.i.dbsupport.DbSupportFactory       : Database: jdbc:mysql://localhost:3306/chubaogame (MySQL 5.5)
2016-02-02 17:45:15.406  INFO 3795 --- [main] o.f.core.internal.command.DbValidate     : Validated 1 migration (execution time 00:00.044s)
2016-02-02 17:45:15.462  INFO 3795 --- [main] o.f.core.internal.command.DbMigrate      : Current version of schema `chubaogame`: 1.2.0
2016-02-02 17:45:15.463  INFO 3795 --- [main] o.f.core.internal.command.DbMigrate      : Schema `chubaogame` is up to date. No migration necessary.
2016-02-02 17:45:15.618  INFO 3795 --- [main] o.s.w.s.v.f.FreeMarkerConfigurer         : ClassTemplateLoader for Spring macros added to FreeMarker configuration
2016-02-02 17:45:16.017  INFO 3795 --- [main] c.chubao.cf.game.CbGameApplicationTests  : Started CbGameApplicationTests in 11.232 seconds (JVM running for 12.624)
2016-02-02 17:45:16.295  INFO 3795 --- [Thread-2] o.s.w.c.s.GenericWebApplicationContext   : Closing org.springframework.web.context.support.GenericWebApplicationContext@2f465398: startup date [Tue Feb 02 17:45:06 CST 2016]; root of context hierarchy
2016-02-02 17:45:16.313  INFO 3795 --- [Thread-2] com.alibaba.druid.pool.DruidDataSource   : {dataSource-1} closed
2016-02-02 17:46:31.406  INFO 3811 --- [main] c.chubao.cf.game.CbGameApplicationTests  : Starting CbGameApplicationTests on chengfengdeMacBook-Air.local with PID 3811 (started by chengfeng in /Users/chengfeng/Documents/_WORK/触宝网站/项目代码/cbGame)
2016-02-02 17:46:31.409  INFO 3811 --- [main] c.chubao.cf.game.CbGameApplicationTests  : No active profile set, falling back to default profiles: default
2016-02-02 17:46:31.625  INFO 3811 --- [main] o.s.w.c.s.GenericWebApplicationContext   : Refreshing org.springframework.web.context.support.GenericWebApplicationContext@672872e1: startup date [Tue Feb 02 17:46:31 CST 2016]; root of context hierarchy
2016-02-02 17:46:33.890  INFO 3811 --- [main] o.s.b.f.s.DefaultListableBeanFactory     : Overriding bean definition for bean 'beanNameViewResolver' with a different definition: replacing [Root bean: class [null]; scope=; abstract=false; lazyInit=false; autowireMode=3; dependencyCheck=0; autowireCandidate=true; primary=false; factoryBeanName=org.springframework.boot.autoconfigure.web.ErrorMvcAutoConfiguration$WhitelabelErrorViewConfiguration; factoryMethodName=beanNameViewResolver; initMethodName=null; destroyMethodName=(inferred); defined in class path resource [org/springframework/boot/autoconfigure/web/ErrorMvcAutoConfiguration$WhitelabelErrorViewConfiguration.class]] with [Root bean: class [null]; scope=; abstract=false; lazyInit=false; autowireMode=3; dependencyCheck=0; autowireCandidate=true; primary=false; factoryBeanName=org.springframework.boot.autoconfigure.web.WebMvcAutoConfiguration$WebMvcAutoConfigurationAdapter; factoryMethodName=beanNameViewResolver; initMethodName=null; destroyMethodName=(inferred); defined in class path resource [org/springframework/boot/autoconfigure/web/WebMvcAutoConfiguration$WebMvcAutoConfigurationAdapter.class]]
2016-02-02 17:46:34.805  INFO 3811 --- [main] trationDelegate$BeanPostProcessorChecker : Bean 'org.springframework.boot.autoconfigure.flyway.FlywayAutoConfiguration' of type [class org.springframework.boot.autoconfigure.flyway.FlywayAutoConfiguration$$EnhancerBySpringCGLIB$$28b1e4dc] is not eligible for getting processed by all BeanPostProcessors (for example: not eligible for auto-proxying)
2016-02-02 17:46:34.835  INFO 3811 --- [main] trationDelegate$BeanPostProcessorChecker : Bean 'stringToMigrationVersionConverter' of type [class org.springframework.boot.autoconfigure.flyway.FlywayAutoConfiguration$StringToMigrationVersionConverter] is not eligible for getting processed by all BeanPostProcessors (for example: not eligible for auto-proxying)
2016-02-02 17:46:34.961  INFO 3811 --- [main] trationDelegate$BeanPostProcessorChecker : Bean 'dbProperty' of type [class com.chubao.cf.game.domain.DbProperty] is not eligible for getting processed by all BeanPostProcessors (for example: not eligible for auto-proxying)
2016-02-02 17:46:34.964  INFO 3811 --- [main] trationDelegate$BeanPostProcessorChecker : Bean 'dbConfig' of type [class com.chubao.cf.game.config.DbConfig$$EnhancerBySpringCGLIB$$75838051] is not eligible for getting processed by all BeanPostProcessors (for example: not eligible for auto-proxying)
2016-02-02 17:46:35.118  INFO 3811 --- [main] trationDelegate$BeanPostProcessorChecker : Bean 'dataSource' of type [class com.alibaba.druid.pool.DruidDataSource] is not eligible for getting processed by all BeanPostProcessors (for example: not eligible for auto-proxying)
2016-02-02 17:46:35.240  INFO 3811 --- [main] trationDelegate$BeanPostProcessorChecker : Bean 'sqlSessionFactoryBean' of type [class org.apache.ibatis.session.defaults.DefaultSqlSessionFactory] is not eligible for getting processed by all BeanPostProcessors (for example: not eligible for auto-proxying)
2016-02-02 17:46:35.546  INFO 3811 --- [main] trationDelegate$BeanPostProcessorChecker : Bean 'IUserDao' of type [class org.mybatis.spring.mapper.MapperFactoryBean] is not eligible for getting processed by all BeanPostProcessors (for example: not eligible for auto-proxying)
2016-02-02 17:46:35.569  INFO 3811 --- [main] trationDelegate$BeanPostProcessorChecker : Bean 'IGameTypeDao' of type [class org.mybatis.spring.mapper.MapperFactoryBean] is not eligible for getting processed by all BeanPostProcessors (for example: not eligible for auto-proxying)
2016-02-02 17:46:35.609  INFO 3811 --- [main] trationDelegate$BeanPostProcessorChecker : Bean 'IGameDeveloperDao' of type [class org.mybatis.spring.mapper.MapperFactoryBean] is not eligible for getting processed by all BeanPostProcessors (for example: not eligible for auto-proxying)
2016-02-02 17:46:35.638  INFO 3811 --- [main] trationDelegate$BeanPostProcessorChecker : Bean 'IGameDao' of type [class org.mybatis.spring.mapper.MapperFactoryBean] is not eligible for getting processed by all BeanPostProcessors (for example: not eligible for auto-proxying)
2016-02-02 17:46:35.658  INFO 3811 --- [main] trationDelegate$BeanPostProcessorChecker : Bean 'ICommentDao' of type [class org.mybatis.spring.mapper.MapperFactoryBean] is not eligible for getting processed by all BeanPostProcessors (for example: not eligible for auto-proxying)
2016-02-02 17:46:35.675  INFO 3811 --- [main] trationDelegate$BeanPostProcessorChecker : Bean 'IArticleDao' of type [class org.mybatis.spring.mapper.MapperFactoryBean] is not eligible for getting processed by all BeanPostProcessors (for example: not eligible for auto-proxying)
2016-02-02 17:46:35.743  INFO 3811 --- [main] trationDelegate$BeanPostProcessorChecker : Bean 'org.springframework.transaction.annotation.ProxyTransactionManagementConfiguration' of type [class org.springframework.transaction.annotation.ProxyTransactionManagementConfiguration$$EnhancerBySpringCGLIB$$fb4ef2b2] is not eligible for getting processed by all BeanPostProcessors (for example: not eligible for auto-proxying)
2016-02-02 17:46:36.904  INFO 3811 --- [main] s.w.s.m.m.a.RequestMappingHandlerAdapter : Looking for @ControllerAdvice: org.springframework.web.context.support.GenericWebApplicationContext@672872e1: startup date [Tue Feb 02 17:46:31 CST 2016]; root of context hierarchy
2016-02-02 17:46:37.052  INFO 3811 --- [main] s.w.s.m.m.a.RequestMappingHandlerMapping : Mapped "{[/admin/article/edit],methods=[POST]}" onto public java.lang.String com.chubao.cf.game.controller.admin.AdminArticleController.editArticle(com.chubao.cf.game.domain.Article,java.lang.String)
2016-02-02 17:46:37.055  INFO 3811 --- [main] s.w.s.m.m.a.RequestMappingHandlerMapping : Mapped "{[/admin/familySafety/{value}],methods=[GET]}" onto public java.lang.String com.chubao.cf.game.controller.admin.AdminFamilySafetyController.dispacher(java.lang.String,org.springframework.ui.Model,javax.servlet.http.HttpServletRequest)
2016-02-02 17:46:37.056  INFO 3811 --- [main] s.w.s.m.m.a.RequestMappingHandlerMapping : Mapped "{[/admin/familySafety/{value}],methods=[POST]}" onto public java.lang.String com.chubao.cf.game.controller.admin.AdminFamilySafetyController.processEdit(java.lang.String,com.chubao.cf.game.domain.Article,org.springframework.ui.Model,org.springframework.web.servlet.mvc.support.RedirectAttributes)
2016-02-02 17:46:37.062  INFO 3811 --- [main] s.w.s.m.m.a.RequestMappingHandlerMapping : Mapped "{[/admin/game/add],methods=[GET]}" onto public java.lang.String com.chubao.cf.game.controller.admin.AdminGameController.addGameView(org.springframework.ui.Model)
2016-02-02 17:46:37.062  INFO 3811 --- [main] s.w.s.m.m.a.RequestMappingHandlerMapping : Mapped "{[/admin/game/add],methods=[POST]}" onto public java.lang.String com.chubao.cf.game.controller.admin.AdminGameController.addGame(org.springframework.web.multipart.MultipartFile,com.chubao.cf.game.domain.Game,java.lang.String[],org.springframework.ui.Model,org.springframework.web.servlet.mvc.support.RedirectAttributes,javax.servlet.http.HttpServletRequest)
2016-02-02 17:46:37.063  INFO 3811 --- [main] s.w.s.m.m.a.RequestMappingHandlerMapping : Mapped "{[/admin/game/edit/{gameId}],methods=[GET]}" onto public java.lang.String com.chubao.cf.game.controller.admin.AdminGameController.editGameView(java.lang.Integer,org.springframework.ui.Model)
2016-02-02 17:46:37.064  INFO 3811 --- [main] s.w.s.m.m.a.RequestMappingHandlerMapping : Mapped "{[/admin/game/edit/top/{gameId}],methods=[GET]}" onto public java.lang.String com.chubao.cf.game.controller.admin.AdminGameController.topGame(java.lang.Integer,java.lang.Integer,org.springframework.web.servlet.mvc.support.RedirectAttributes)
2016-02-02 17:46:37.065  INFO 3811 --- [main] s.w.s.m.m.a.RequestMappingHandlerMapping : Mapped "{[/admin/game/edit/{gameId}],methods=[POST]}" onto public java.lang.String com.chubao.cf.game.controller.admin.AdminGameController.editGame(org.springframework.web.multipart.MultipartFile,com.chubao.cf.game.domain.Game,java.lang.String[],org.springframework.ui.Model,org.springframework.web.servlet.mvc.support.RedirectAttributes,javax.servlet.http.HttpServletRequest)
2016-02-02 17:46:37.065  INFO 3811 --- [main] s.w.s.m.m.a.RequestMappingHandlerMapping : Mapped "{[/admin/game/manage]}" onto public java.lang.String com.chubao.cf.game.controller.admin.AdminGameController.manageGame(org.springframework.ui.Model)
2016-02-02 17:46:37.066  INFO 3811 --- [main] s.w.s.m.m.a.RequestMappingHandlerMapping : Mapped "{[/admin/game/delete/{gameId}]}" onto public java.lang.String com.chubao.cf.game.controller.admin.AdminGameController.deleteGame(java.lang.Integer,org.springframework.web.servlet.mvc.support.RedirectAttributes)
2016-02-02 17:46:37.070  INFO 3811 --- [main] s.w.s.m.m.a.RequestMappingHandlerMapping : Mapped "{[/admin]}" onto public java.lang.String com.chubao.cf.game.controller.admin.AdminHomeController.index()
2016-02-02 17:46:37.070  INFO 3811 --- [main] s.w.s.m.m.a.RequestMappingHandlerMapping : Mapped "{[/admin/edit/{value}],methods=[POST]}" onto public java.lang.String com.chubao.cf.game.controller.admin.AdminHomeController.processEdit(java.lang.String,com.chubao.cf.game.domain.Article,org.springframework.ui.Model,org.springframework.web.servlet.mvc.support.RedirectAttributes)
2016-02-02 17:46:37.071  INFO 3811 --- [main] s.w.s.m.m.a.RequestMappingHandlerMapping : Mapped "{[/admin/about]}" onto public java.lang.String com.chubao.cf.game.controller.admin.AdminHomeController.companyIntroduction(org.springframework.ui.Model)
2016-02-02 17:46:37.072  INFO 3811 --- [main] s.w.s.m.m.a.RequestMappingHandlerMapping : Mapped "{[/admin/contactUs]}" onto public java.lang.String com.chubao.cf.game.controller.admin.AdminHomeController.contactUs(org.springframework.ui.Model)
2016-02-02 17:46:37.072  INFO 3811 --- [main] s.w.s.m.m.a.RequestMappingHandlerMapping : Mapped "{[/admin/login],methods=[GET]}" onto public java.lang.String com.chubao.cf.game.controller.admin.AdminHomeController.loginView(org.springframework.ui.Model)
2016-02-02 17:46:37.072  INFO 3811 --- [main] s.w.s.m.m.a.RequestMappingHandlerMapping : Mapped "{[/admin/logout]}" onto public java.lang.String com.chubao.cf.game.controller.admin.AdminHomeController.logOut()
2016-02-02 17:46:37.073  INFO 3811 --- [main] s.w.s.m.m.a.RequestMappingHandlerMapping : Mapped "{[/admin/login],methods=[POST]}" onto public java.lang.String com.chubao.cf.game.controller.admin.AdminHomeController.processLogin()
2016-02-02 17:46:37.076  INFO 3811 --- [main] s.w.s.m.m.a.RequestMappingHandlerMapping : Mapped "{[/admin/user/manage],methods=[GET]}" onto public java.lang.String com.chubao.cf.game.controller.admin.AdminUserController.manage(org.springframework.ui.Model)
2016-02-02 17:46:37.077  INFO 3811 --- [main] s.w.s.m.m.a.RequestMappingHandlerMapping : Mapped "{[/admin/user/changeAdminPassword],methods=[GET]}" onto public java.lang.String com.chubao.cf.game.controller.admin.AdminUserController.changeCodeView(org.springframework.ui.Model)
2016-02-02 17:46:37.078  INFO 3811 --- [main] s.w.s.m.m.a.RequestMappingHandlerMapping : Mapped "{[/admin/user/changeAdminPassword],methods=[POST]}" onto public java.lang.String com.chubao.cf.game.controller.admin.AdminUserController.changeAdminPass(java.lang.String,java.lang.String,org.springframework.ui.Model,org.springframework.web.servlet.mvc.support.RedirectAttributes)
2016-02-02 17:46:37.078  INFO 3811 --- [main] s.w.s.m.m.a.RequestMappingHandlerMapping : Mapped "{[/admin/user]}" onto public java.lang.String com.chubao.cf.game.controller.admin.AdminUserController.home()
2016-02-02 17:46:37.085  INFO 3811 --- [main] s.w.s.m.m.a.RequestMappingHandlerMapping : Mapped "{[/register],methods=[POST]}" onto public java.lang.String com.chubao.cf.game.controller.HomeController.register(com.chubao.cf.game.domain.User,java.lang.String)
2016-02-02 17:46:37.086  INFO 3811 --- [main] s.w.s.m.m.a.RequestMappingHandlerMapping : Mapped "{[/contactUs]}" onto public java.lang.String com.chubao.cf.game.controller.HomeController.contactUs(org.springframework.ui.Model)
2016-02-02 17:46:37.087  INFO 3811 --- [main] s.w.s.m.m.a.RequestMappingHandlerMapping : Mapped "{[/login],methods=[GET]}" onto public java.lang.String com.chubao.cf.game.controller.HomeController.loginView(org.springframework.ui.Model)
2016-02-02 17:46:37.089  INFO 3811 --- [main] s.w.s.m.m.a.RequestMappingHandlerMapping : Mapped "{[/about]}" onto public java.lang.String com.chubao.cf.game.controller.HomeController.about(org.springframework.ui.Model)
2016-02-02 17:46:37.090  INFO 3811 --- [main] s.w.s.m.m.a.RequestMappingHandlerMapping : Mapped "{[/familySafety]}" onto public java.lang.String com.chubao.cf.game.controller.HomeController.familySafety()
2016-02-02 17:46:37.091  INFO 3811 --- [main] s.w.s.m.m.a.RequestMappingHandlerMapping : Mapped "{[/familySafety/{value}]}" onto public java.lang.String com.chubao.cf.game.controller.HomeController.familySafetyOfContent(java.lang.String,org.springframework.ui.Model)
2016-02-02 17:46:37.091  INFO 3811 --- [main] s.w.s.m.m.a.RequestMappingHandlerMapping : Mapped "{[/login],methods=[POST]}" onto public java.lang.String com.chubao.cf.game.controller.HomeController.loginProcess(java.lang.String,java.lang.String,java.lang.String,org.springframework.ui.Model)
2016-02-02 17:46:37.095  INFO 3811 --- [main] s.w.s.m.m.a.RequestMappingHandlerMapping : Mapped "{[/register],methods=[GET]}" onto public java.lang.String com.chubao.cf.game.controller.HomeController.registerView()
2016-02-02 17:46:37.100  INFO 3811 --- [main] s.w.s.m.m.a.RequestMappingHandlerMapping : Mapped "{[/]}" onto public java.lang.String com.chubao.cf.game.controller.HomeController.home(org.springframework.ui.Model)
2016-02-02 17:46:37.101  INFO 3811 --- [main] s.w.s.m.m.a.RequestMappingHandlerMapping : Mapped "{[/logout]}" onto public java.lang.String com.chubao.cf.game.controller.HomeController.logout()
2016-02-02 17:46:37.103  INFO 3811 --- [main] s.w.s.m.m.a.RequestMappingHandlerMapping : Mapped "{[/comment/add],methods=[POST]}" onto public java.lang.String com.chubao.cf.game.controller.user.CommentController.addComment(com.chubao.cf.game.domain.Comment,java.lang.String,java.lang.String,javax.servlet.http.HttpSession)
2016-02-02 17:46:37.104  INFO 3811 --- [main] s.w.s.m.m.a.RequestMappingHandlerMapping : Mapped "{[/game/{gameId}],methods=[GET]}" onto public java.lang.String com.chubao.cf.game.controller.user.GameController.getGame(java.lang.String,org.springframework.ui.Model)
2016-02-02 17:46:37.105  INFO 3811 --- [main] s.w.s.m.m.a.RequestMappingHandlerMapping : Mapped "{[/game]}" onto public java.lang.String com.chubao.cf.game.controller.user.GameController.getAllGame(org.springframework.ui.Model)
2016-02-02 17:46:37.106  INFO 3811 --- [main] s.w.s.m.m.a.RequestMappingHandlerMapping : Mapped "{[/register/validate],methods=[POST]}" onto public java.lang.String com.chubao.cf.game.controller.user.UserController.ValidateFields(java.lang.String,java.lang.String)
2016-02-02 17:46:37.109  INFO 3811 --- [main] s.w.s.m.m.a.RequestMappingHandlerMapping : Mapped "{[/admin/upload/images]}" onto public java.lang.Object com.chubao.cf.game.controller.util.GameUploadImages.uploadGameImages(org.springframework.web.multipart.MultipartFile,javax.servlet.http.HttpServletRequest)
2016-02-02 17:46:37.110  INFO 3811 --- [main] s.w.s.m.m.a.RequestMappingHandlerMapping : Mapped "{[/kindEditor/upload],methods=[POST]}" onto public java.util.Map<java.lang.String, java.lang.Object> com.chubao.cf.game.controller.util.KindEditorController.fileUpload(org.springframework.web.multipart.MultipartFile,javax.servlet.http.HttpServletRequest,javax.servlet.http.HttpServletResponse)
2016-02-02 17:46:37.121  INFO 3811 --- [main] s.w.s.m.m.a.RequestMappingHandlerMapping : Mapped "{[/kindEditor/fileManager]}" onto public java.lang.Object com.chubao.cf.game.controller.util.KindEditorController.fileManager(javax.servlet.http.HttpServletRequest,javax.servlet.http.HttpServletResponse)
2016-02-02 17:46:37.123  INFO 3811 --- [main] s.w.s.m.m.a.RequestMappingHandlerMapping : Mapped "{[/pcrimg]}" onto public void com.chubao.cf.game.controller.util.SecurityCode.crimg(javax.servlet.http.HttpServletRequest,javax.servlet.http.HttpServletResponse) throws java.io.IOException
2016-02-02 17:46:37.126  INFO 3811 --- [main] s.w.s.m.m.a.RequestMappingHandlerMapping : Mapped "{[/error]}" onto public org.springframework.http.ResponseEntity<java.util.Map<java.lang.String, java.lang.Object>> org.springframework.boot.autoconfigure.web.BasicErrorController.error(javax.servlet.http.HttpServletRequest)
2016-02-02 17:46:37.127  INFO 3811 --- [main] s.w.s.m.m.a.RequestMappingHandlerMapping : Mapped "{[/error],produces=[text/html]}" onto public org.springframework.web.servlet.ModelAndView org.springframework.boot.autoconfigure.web.BasicErrorController.errorHtml(javax.servlet.http.HttpServletRequest,javax.servlet.http.HttpServletResponse)
2016-02-02 17:46:37.436  INFO 3811 --- [main] o.s.w.s.handler.SimpleUrlHandlerMapping  : Mapped URL path [/webjars/**] onto handler of type [class org.springframework.web.servlet.resource.ResourceHttpRequestHandler]
2016-02-02 17:46:37.437  INFO 3811 --- [main] o.s.w.s.handler.SimpleUrlHandlerMapping  : Mapped URL path [/**] onto handler of type [class org.springframework.web.servlet.resource.ResourceHttpRequestHandler]
2016-02-02 17:46:37.749  INFO 3811 --- [main] o.s.w.s.handler.SimpleUrlHandlerMapping  : Mapped URL path [/**/favicon.ico] onto handler of type [class org.springframework.web.servlet.resource.ResourceHttpRequestHandler]
2016-02-02 17:46:38.532  INFO 3811 --- [main] o.f.core.internal.util.VersionPrinter    : Flyway 3.2.1 by Boxfuse
2016-02-02 17:46:38.671  INFO 3811 --- [main] com.alibaba.druid.pool.DruidDataSource   : {dataSource-1} inited
2016-02-02 17:46:39.551  INFO 3811 --- [main] o.f.c.i.dbsupport.DbSupportFactory       : Database: jdbc:mysql://localhost:3306/chubaogame (MySQL 5.5)
2016-02-02 17:46:39.647  INFO 3811 --- [main] o.f.core.internal.command.DbValidate     : Validated 1 migration (execution time 00:00.050s)
2016-02-02 17:46:39.731  INFO 3811 --- [main] o.f.core.internal.command.DbMigrate      : Current version of schema `chubaogame`: 1.2.0
2016-02-02 17:46:39.732  INFO 3811 --- [main] o.f.core.internal.command.DbMigrate      : Schema `chubaogame` is up to date. No migration necessary.
2016-02-02 17:46:40.026  INFO 3811 --- [main] o.s.w.s.v.f.FreeMarkerConfigurer         : ClassTemplateLoader for Spring macros added to FreeMarker configuration
2016-02-02 17:46:40.551  INFO 3811 --- [main] c.chubao.cf.game.CbGameApplicationTests  : Started CbGameApplicationTests in 9.776 seconds (JVM running for 10.871)
2016-02-02 17:46:40.598  INFO 3811 --- [Thread-2] o.s.w.c.s.GenericWebApplicationContext   : Closing org.springframework.web.context.support.GenericWebApplicationContext@672872e1: startup date [Tue Feb 02 17:46:31 CST 2016]; root of context hierarchy
2016-02-02 17:46:40.619  INFO 3811 --- [Thread-2] com.alibaba.druid.pool.DruidDataSource   : {dataSource-1} closed
